{"/home/beni/Documentos/Estudos/Projetos/Solen/frontend/config.ts": {"path":"/home/beni/Documentos/Estudos/Projetos/Solen/frontend/config.ts","statementMap":{"0":{"start":{"line":15,"column":24},"end":{"line":15,"column":99}},"1":{"start":{"line":25,"column":45},"end":{"line":25,"column":46}}},"fnMap":{},"branchMap":{"0":{"loc":{"start":{"line":15,"column":24},"end":{"line":15,"column":99}},"type":"binary-expr","locations":[{"start":{"line":15,"column":24},"end":{"line":15,"column":55}},{"start":{"line":15,"column":59},"end":{"line":15,"column":99}}],"line":15}},"s":{"0":1,"1":1},"f":{},"b":{"0":[1,1]},"_coverageSchema":"1a1c01bbd47fc00a2c39e90264f33305004495a9","hash":"6d79be10e9823acbd7268f7a81411f53932e786f"}
,"/home/beni/Documentos/Estudos/Projetos/Solen/frontend/hooks/usePlayerState.ts": {"path":"/home/beni/Documentos/Estudos/Projetos/Solen/frontend/hooks/usePlayerState.ts","statementMap":{"0":{"start":{"line":45,"column":33},"end":{"line":109,"column":1}},"1":{"start":{"line":46,"column":2},"end":{"line":54,"column":3}},"2":{"start":{"line":47,"column":4},"end":{"line":53,"column":6}},"3":{"start":{"line":55,"column":2},"end":{"line":65,"column":3}},"4":{"start":{"line":56,"column":18},"end":{"line":56,"column":31}},"5":{"start":{"line":57,"column":21},"end":{"line":57,"column":31}},"6":{"start":{"line":58,"column":4},"end":{"line":64,"column":6}},"7":{"start":{"line":66,"column":2},"end":{"line":76,"column":3}},"8":{"start":{"line":67,"column":18},"end":{"line":67,"column":30}},"9":{"start":{"line":68,"column":21},"end":{"line":68,"column":30}},"10":{"start":{"line":69,"column":4},"end":{"line":75,"column":6}},"11":{"start":{"line":77,"column":2},"end":{"line":87,"column":3}},"12":{"start":{"line":78,"column":18},"end":{"line":78,"column":29}},"13":{"start":{"line":79,"column":21},"end":{"line":79,"column":30}},"14":{"start":{"line":80,"column":4},"end":{"line":86,"column":6}},"15":{"start":{"line":88,"column":2},"end":{"line":98,"column":3}},"16":{"start":{"line":89,"column":18},"end":{"line":89,"column":29}},"17":{"start":{"line":90,"column":21},"end":{"line":90,"column":30}},"18":{"start":{"line":91,"column":4},"end":{"line":97,"column":6}},"19":{"start":{"line":100,"column":16},"end":{"line":100,"column":20}},"20":{"start":{"line":101,"column":19},"end":{"line":101,"column":21}},"21":{"start":{"line":102,"column":2},"end":{"line":108,"column":4}},"22":{"start":{"line":112,"column":17},"end":{"line":112,"column":28}},"23":{"start":{"line":113,"column":17},"end":{"line":113,"column":33}},"24":{"start":{"line":115,"column":26},"end":{"line":115,"column":45}},"25":{"start":{"line":116,"column":28},"end":{"line":116,"column":57}},"26":{"start":{"line":117,"column":40},"end":{"line":117,"column":69}},"27":{"start":{"line":118,"column":44},"end":{"line":118,"column":59}},"28":{"start":{"line":121,"column":36},"end":{"line":121,"column":54}},"29":{"start":{"line":122,"column":36},"end":{"line":122,"column":51}},"30":{"start":{"line":123,"column":42},"end":{"line":123,"column":57}},"31":{"start":{"line":126,"column":38},"end":{"line":126,"column":53}},"32":{"start":{"line":127,"column":38},"end":{"line":127,"column":50}},"33":{"start":{"line":128,"column":34},"end":{"line":128,"column":46}},"34":{"start":{"line":129,"column":32},"end":{"line":129,"column":43}},"35":{"start":{"line":130,"column":40},"end":{"line":130,"column":51}},"36":{"start":{"line":131,"column":38},"end":{"line":131,"column":55}},"37":{"start":{"line":132,"column":36},"end":{"line":132,"column":51}},"38":{"start":{"line":133,"column":30},"end":{"line":133,"column":42}},"39":{"start":{"line":134,"column":38},"end":{"line":134,"column":53}},"40":{"start":{"line":135,"column":32},"end":{"line":135,"column":47}},"41":{"start":{"line":136,"column":34},"end":{"line":136,"column":92}},"42":{"start":{"line":137,"column":40},"end":{"line":137,"column":55}},"43":{"start":{"line":138,"column":38},"end":{"line":138,"column":53}},"44":{"start":{"line":141,"column":44},"end":{"line":141,"column":59}},"45":{"start":{"line":142,"column":42},"end":{"line":142,"column":71}},"46":{"start":{"line":143,"column":50},"end":{"line":143,"column":79}},"47":{"start":{"line":144,"column":40},"end":{"line":144,"column":71}},"48":{"start":{"line":145,"column":38},"end":{"line":145,"column":67}},"49":{"start":{"line":146,"column":46},"end":{"line":146,"column":68}},"50":{"start":{"line":147,"column":44},"end":{"line":147,"column":59}},"51":{"start":{"line":148,"column":38},"end":{"line":148,"column":49}},"52":{"start":{"line":149,"column":46},"end":{"line":149,"column":61}},"53":{"start":{"line":150,"column":46},"end":{"line":150,"column":61}},"54":{"start":{"line":151,"column":50},"end":{"line":151,"column":62}},"55":{"start":{"line":152,"column":42},"end":{"line":152,"column":71}},"56":{"start":{"line":153,"column":40},"end":{"line":153,"column":62}},"57":{"start":{"line":155,"column":46},"end":{"line":155,"column":75}},"58":{"start":{"line":156,"column":52},"end":{"line":156,"column":64}},"59":{"start":{"line":159,"column":42},"end":{"line":159,"column":61}},"60":{"start":{"line":160,"column":62},"end":{"line":160,"column":77}},"61":{"start":{"line":163,"column":42},"end":{"line":163,"column":61}},"62":{"start":{"line":164,"column":48},"end":{"line":164,"column":63}},"63":{"start":{"line":165,"column":64},"end":{"line":165,"column":90}},"64":{"start":{"line":166,"column":56},"end":{"line":166,"column":71}},"65":{"start":{"line":169,"column":38},"end":{"line":169,"column":53}},"66":{"start":{"line":170,"column":44},"end":{"line":170,"column":56}},"67":{"start":{"line":171,"column":46},"end":{"line":176,"column":17}},"68":{"start":{"line":177,"column":26},"end":{"line":177,"column":63}},"69":{"start":{"line":180,"column":32},"end":{"line":180,"column":47}},"70":{"start":{"line":181,"column":42},"end":{"line":181,"column":61}},"71":{"start":{"line":182,"column":50},"end":{"line":182,"column":76}},"72":{"start":{"line":183,"column":38},"end":{"line":183,"column":53}},"73":{"start":{"line":185,"column":23},"end":{"line":185,"column":36}},"74":{"start":{"line":188,"column":2},"end":{"line":194,"column":31}},"75":{"start":{"line":189,"column":4},"end":{"line":193,"column":5}},"76":{"start":{"line":190,"column":6},"end":{"line":192,"column":8}},"77":{"start":{"line":191,"column":8},"end":{"line":191,"column":72}},"78":{"start":{"line":197,"column":42},"end":{"line":197,"column":68}},"79":{"start":{"line":198,"column":44},"end":{"line":198,"column":59}},"80":{"start":{"line":200,"column":29},"end":{"line":210,"column":3}},"81":{"start":{"line":201,"column":4},"end":{"line":209,"column":7}},"82":{"start":{"line":202,"column":18},"end":{"line":202,"column":62}},"83":{"start":{"line":202,"column":43},"end":{"line":202,"column":61}},"84":{"start":{"line":203,"column":6},"end":{"line":207,"column":7}},"85":{"start":{"line":204,"column":24},"end":{"line":204,"column":33}},"86":{"start":{"line":205,"column":8},"end":{"line":205,"column":31}},"87":{"start":{"line":206,"column":8},"end":{"line":206,"column":23}},"88":{"start":{"line":208,"column":6},"end":{"line":208,"column":18}},"89":{"start":{"line":213,"column":34},"end":{"line":230,"column":3}},"90":{"start":{"line":214,"column":4},"end":{"line":214,"column":25}},"91":{"start":{"line":214,"column":18},"end":{"line":214,"column":25}},"92":{"start":{"line":215,"column":4},"end":{"line":229,"column":5}},"93":{"start":{"line":216,"column":23},"end":{"line":216,"column":48}},"94":{"start":{"line":217,"column":26},"end":{"line":217,"column":62}},"95":{"start":{"line":218,"column":20},"end":{"line":218,"column":62}},"96":{"start":{"line":220,"column":6},"end":{"line":220,"column":56}},"97":{"start":{"line":220,"column":30},"end":{"line":220,"column":56}},"98":{"start":{"line":221,"column":6},"end":{"line":221,"column":55}},"99":{"start":{"line":221,"column":30},"end":{"line":221,"column":55}},"100":{"start":{"line":222,"column":6},"end":{"line":222,"column":59}},"101":{"start":{"line":222,"column":30},"end":{"line":222,"column":59}},"102":{"start":{"line":223,"column":6},"end":{"line":223,"column":60}},"103":{"start":{"line":223,"column":29},"end":{"line":223,"column":60}},"104":{"start":{"line":224,"column":6},"end":{"line":224,"column":59}},"105":{"start":{"line":224,"column":31},"end":{"line":224,"column":59}},"106":{"start":{"line":226,"column":6},"end":{"line":226,"column":66}},"107":{"start":{"line":228,"column":6},"end":{"line":228,"column":56}},"108":{"start":{"line":232,"column":37},"end":{"line":250,"column":3}},"109":{"start":{"line":233,"column":4},"end":{"line":233,"column":25}},"110":{"start":{"line":233,"column":18},"end":{"line":233,"column":25}},"111":{"start":{"line":234,"column":4},"end":{"line":249,"column":5}},"112":{"start":{"line":235,"column":23},"end":{"line":235,"column":48}},"113":{"start":{"line":236,"column":26},"end":{"line":236,"column":62}},"114":{"start":{"line":237,"column":6},"end":{"line":246,"column":7}},"115":{"start":{"line":238,"column":22},"end":{"line":238,"column":45}},"116":{"start":{"line":239,"column":8},"end":{"line":239,"column":65}},"117":{"start":{"line":239,"column":31},"end":{"line":239,"column":65}},"118":{"start":{"line":240,"column":8},"end":{"line":240,"column":62}},"119":{"start":{"line":240,"column":30},"end":{"line":240,"column":62}},"120":{"start":{"line":241,"column":8},"end":{"line":241,"column":74}},"121":{"start":{"line":241,"column":34},"end":{"line":241,"column":74}},"122":{"start":{"line":242,"column":8},"end":{"line":242,"column":80}},"123":{"start":{"line":242,"column":36},"end":{"line":242,"column":80}},"124":{"start":{"line":243,"column":8},"end":{"line":243,"column":55}},"125":{"start":{"line":245,"column":8},"end":{"line":245,"column":32}},"126":{"start":{"line":248,"column":6},"end":{"line":248,"column":58}},"127":{"start":{"line":252,"column":34},"end":{"line":260,"column":3}},"128":{"start":{"line":253,"column":4},"end":{"line":253,"column":25}},"129":{"start":{"line":253,"column":18},"end":{"line":253,"column":25}},"130":{"start":{"line":254,"column":4},"end":{"line":259,"column":5}},"131":{"start":{"line":255,"column":6},"end":{"line":255,"column":63}},"132":{"start":{"line":256,"column":6},"end":{"line":256,"column":30}},"133":{"start":{"line":258,"column":6},"end":{"line":258,"column":56}},"134":{"start":{"line":263,"column":32},"end":{"line":300,"column":3}},"135":{"start":{"line":264,"column":24},"end":{"line":264,"column":48}},"136":{"start":{"line":265,"column":24},"end":{"line":265,"column":48}},"137":{"start":{"line":267,"column":4},"end":{"line":299,"column":5}},"138":{"start":{"line":268,"column":24},"end":{"line":268,"column":54}},"139":{"start":{"line":269,"column":21},"end":{"line":269,"column":63}},"140":{"start":{"line":270,"column":21},"end":{"line":270,"column":63}},"141":{"start":{"line":272,"column":6},"end":{"line":298,"column":7}},"142":{"start":{"line":273,"column":27},"end":{"line":273,"column":31}},"143":{"start":{"line":274,"column":8},"end":{"line":284,"column":9}},"144":{"start":{"line":275,"column":10},"end":{"line":275,"column":154}},"145":{"start":{"line":276,"column":15},"end":{"line":284,"column":9}},"146":{"start":{"line":277,"column":10},"end":{"line":277,"column":166}},"147":{"start":{"line":278,"column":15},"end":{"line":284,"column":9}},"148":{"start":{"line":279,"column":10},"end":{"line":279,"column":156}},"149":{"start":{"line":280,"column":15},"end":{"line":284,"column":9}},"150":{"start":{"line":281,"column":10},"end":{"line":281,"column":161}},"151":{"start":{"line":282,"column":15},"end":{"line":284,"column":9}},"152":{"start":{"line":283,"column":10},"end":{"line":283,"column":169}},"153":{"start":{"line":286,"column":8},"end":{"line":291,"column":9}},"154":{"start":{"line":287,"column":10},"end":{"line":287,"column":56}},"155":{"start":{"line":287,"column":36},"end":{"line":287,"column":54}},"156":{"start":{"line":288,"column":10},"end":{"line":288,"column":37}},"157":{"start":{"line":290,"column":10},"end":{"line":290,"column":34}},"158":{"start":{"line":293,"column":8},"end":{"line":295,"column":10}},"159":{"start":{"line":296,"column":8},"end":{"line":296,"column":28}},"160":{"start":{"line":297,"column":8},"end":{"line":297,"column":54}},"161":{"start":{"line":303,"column":48},"end":{"line":303,"column":74}},"162":{"start":{"line":306,"column":40},"end":{"line":306,"column":66}},"163":{"start":{"line":307,"column":46},"end":{"line":307,"column":58}},"164":{"start":{"line":308,"column":42},"end":{"line":308,"column":57}},"165":{"start":{"line":311,"column":42},"end":{"line":311,"column":61}},"166":{"start":{"line":312,"column":36},"end":{"line":312,"column":48}},"167":{"start":{"line":313,"column":46},"end":{"line":313,"column":61}},"168":{"start":{"line":314,"column":50},"end":{"line":314,"column":65}},"169":{"start":{"line":317,"column":48},"end":{"line":317,"column":59}},"170":{"start":{"line":318,"column":56},"end":{"line":318,"column":67}},"171":{"start":{"line":319,"column":46},"end":{"line":319,"column":57}},"172":{"start":{"line":322,"column":42},"end":{"line":322,"column":57}},"173":{"start":{"line":323,"column":48},"end":{"line":323,"column":67}},"174":{"start":{"line":324,"column":58},"end":{"line":324,"column":77}},"175":{"start":{"line":325,"column":56},"end":{"line":325,"column":71}},"176":{"start":{"line":326,"column":52},"end":{"line":326,"column":71}},"177":{"start":{"line":327,"column":52},"end":{"line":327,"column":81}},"178":{"start":{"line":330,"column":2},"end":{"line":334,"column":27}},"179":{"start":{"line":331,"column":4},"end":{"line":333,"column":5}},"180":{"start":{"line":332,"column":6},"end":{"line":332,"column":27}},"181":{"start":{"line":336,"column":2},"end":{"line":340,"column":48}},"182":{"start":{"line":337,"column":4},"end":{"line":339,"column":5}},"183":{"start":{"line":338,"column":6},"end":{"line":338,"column":44}},"184":{"start":{"line":338,"column":34},"end":{"line":338,"column":42}},"185":{"start":{"line":342,"column":2},"end":{"line":355,"column":43}},"186":{"start":{"line":343,"column":31},"end":{"line":353,"column":5}},"187":{"start":{"line":344,"column":6},"end":{"line":352,"column":7}},"188":{"start":{"line":345,"column":8},"end":{"line":345,"column":34}},"189":{"start":{"line":346,"column":8},"end":{"line":351,"column":9}},"190":{"start":{"line":347,"column":28},"end":{"line":347,"column":65}},"191":{"start":{"line":347,"column":60},"end":{"line":347,"column":64}},"192":{"start":{"line":348,"column":10},"end":{"line":348,"column":97}},"193":{"start":{"line":350,"column":10},"end":{"line":350,"column":71}},"194":{"start":{"line":354,"column":4},"end":{"line":354,"column":25}},"195":{"start":{"line":357,"column":2},"end":{"line":371,"column":43}},"196":{"start":{"line":358,"column":38},"end":{"line":369,"column":5}},"197":{"start":{"line":359,"column":6},"end":{"line":368,"column":7}},"198":{"start":{"line":360,"column":8},"end":{"line":367,"column":9}},"199":{"start":{"line":361,"column":25},"end":{"line":361,"column":84}},"200":{"start":{"line":362,"column":28},"end":{"line":362,"column":60}},"201":{"start":{"line":363,"column":31},"end":{"line":363,"column":92}},"202":{"start":{"line":363,"column":66},"end":{"line":363,"column":91}},"203":{"start":{"line":364,"column":10},"end":{"line":364,"column":54}},"204":{"start":{"line":366,"column":10},"end":{"line":366,"column":62}},"205":{"start":{"line":370,"column":4},"end":{"line":370,"column":32}},"206":{"start":{"line":373,"column":2},"end":{"line":377,"column":36}},"207":{"start":{"line":374,"column":4},"end":{"line":376,"column":5}},"208":{"start":{"line":375,"column":6},"end":{"line":375,"column":28}},"209":{"start":{"line":380,"column":58},"end":{"line":380,"column":84}},"210":{"start":{"line":381,"column":50},"end":{"line":381,"column":62}},"211":{"start":{"line":382,"column":50},"end":{"line":382,"column":65}},"212":{"start":{"line":385,"column":42},"end":{"line":385,"column":57}},"213":{"start":{"line":386,"column":38},"end":{"line":386,"column":50}},"214":{"start":{"line":387,"column":42},"end":{"line":387,"column":54}},"215":{"start":{"line":388,"column":36},"end":{"line":388,"column":103}},"216":{"start":{"line":389,"column":42},"end":{"line":389,"column":80}},"217":{"start":{"line":390,"column":29},"end":{"line":390,"column":62}},"218":{"start":{"line":392,"column":20},"end":{"line":415,"column":3}},"219":{"start":{"line":400,"column":6},"end":{"line":402,"column":7}},"220":{"start":{"line":401,"column":8},"end":{"line":401,"column":27}},"221":{"start":{"line":403,"column":6},"end":{"line":403,"column":27}},"222":{"start":{"line":404,"column":6},"end":{"line":404,"column":31}},"223":{"start":{"line":405,"column":6},"end":{"line":405,"column":25}},"224":{"start":{"line":406,"column":6},"end":{"line":406,"column":31}},"225":{"start":{"line":407,"column":6},"end":{"line":411,"column":7}},"226":{"start":{"line":408,"column":8},"end":{"line":408,"column":53}},"227":{"start":{"line":410,"column":8},"end":{"line":410,"column":42}},"228":{"start":{"line":412,"column":6},"end":{"line":412,"column":28}},"229":{"start":{"line":418,"column":19},"end":{"line":418,"column":56}},"230":{"start":{"line":419,"column":20},"end":{"line":419,"column":57}},"231":{"start":{"line":420,"column":20},"end":{"line":420,"column":57}},"232":{"start":{"line":421,"column":21},"end":{"line":421,"column":58}},"233":{"start":{"line":422,"column":25},"end":{"line":422,"column":62}},"234":{"start":{"line":424,"column":2},"end":{"line":466,"column":9}},"235":{"start":{"line":425,"column":4},"end":{"line":465,"column":5}},"236":{"start":{"line":426,"column":6},"end":{"line":426,"column":27}},"237":{"start":{"line":427,"column":6},"end":{"line":427,"column":29}},"238":{"start":{"line":428,"column":6},"end":{"line":428,"column":28}},"239":{"start":{"line":429,"column":6},"end":{"line":429,"column":29}},"240":{"start":{"line":431,"column":6},"end":{"line":434,"column":17}},"241":{"start":{"line":435,"column":11},"end":{"line":465,"column":5}},"242":{"start":{"line":436,"column":6},"end":{"line":436,"column":27}},"243":{"start":{"line":437,"column":6},"end":{"line":437,"column":30}},"244":{"start":{"line":438,"column":6},"end":{"line":438,"column":31}},"245":{"start":{"line":439,"column":6},"end":{"line":439,"column":29}},"246":{"start":{"line":441,"column":6},"end":{"line":445,"column":17}},"247":{"start":{"line":446,"column":11},"end":{"line":465,"column":5}},"248":{"start":{"line":447,"column":6},"end":{"line":447,"column":27}},"249":{"start":{"line":448,"column":6},"end":{"line":448,"column":29}},"250":{"start":{"line":449,"column":6},"end":{"line":449,"column":30}},"251":{"start":{"line":450,"column":6},"end":{"line":450,"column":29}},"252":{"start":{"line":452,"column":6},"end":{"line":457,"column":17}},"253":{"start":{"line":458,"column":11},"end":{"line":465,"column":5}},"254":{"start":{"line":459,"column":6},"end":{"line":459,"column":27}},"255":{"start":{"line":460,"column":6},"end":{"line":460,"column":36}},"256":{"start":{"line":461,"column":6},"end":{"line":464,"column":17}},"257":{"start":{"line":468,"column":2},"end":{"line":479,"column":44}},"258":{"start":{"line":469,"column":4},"end":{"line":478,"column":5}},"259":{"start":{"line":470,"column":6},"end":{"line":470,"column":26}},"260":{"start":{"line":471,"column":6},"end":{"line":471,"column":36}},"261":{"start":{"line":472,"column":6},"end":{"line":477,"column":17}},"262":{"start":{"line":482,"column":42},"end":{"line":482,"column":61}},"263":{"start":{"line":483,"column":38},"end":{"line":483,"column":53}},"264":{"start":{"line":484,"column":40},"end":{"line":484,"column":52}},"265":{"start":{"line":485,"column":38},"end":{"line":485,"column":67}},"266":{"start":{"line":487,"column":36},"end":{"line":494,"column":8}},"267":{"start":{"line":488,"column":4},"end":{"line":493,"column":5}},"268":{"start":{"line":489,"column":16},"end":{"line":489,"column":47}},"269":{"start":{"line":490,"column":6},"end":{"line":490,"column":33}},"270":{"start":{"line":492,"column":6},"end":{"line":492,"column":60}},"271":{"start":{"line":496,"column":37},"end":{"line":513,"column":3}},"272":{"start":{"line":497,"column":4},"end":{"line":497,"column":66}},"273":{"start":{"line":497,"column":59},"end":{"line":497,"column":66}},"274":{"start":{"line":498,"column":4},"end":{"line":512,"column":5}},"275":{"start":{"line":499,"column":6},"end":{"line":499,"column":32}},"276":{"start":{"line":500,"column":6},"end":{"line":500,"column":83}},"277":{"start":{"line":501,"column":6},"end":{"line":505,"column":8}},"278":{"start":{"line":506,"column":6},"end":{"line":506,"column":30}},"279":{"start":{"line":507,"column":6},"end":{"line":507,"column":36}},"280":{"start":{"line":509,"column":6},"end":{"line":509,"column":89}},"281":{"start":{"line":511,"column":6},"end":{"line":511,"column":33}},"282":{"start":{"line":515,"column":28},"end":{"line":519,"column":17}},"283":{"start":{"line":516,"column":4},"end":{"line":516,"column":37}},"284":{"start":{"line":517,"column":4},"end":{"line":517,"column":25}},"285":{"start":{"line":518,"column":4},"end":{"line":518,"column":94}},"286":{"start":{"line":521,"column":2},"end":{"line":554,"column":54}},"287":{"start":{"line":522,"column":21},"end":{"line":522,"column":25}},"288":{"start":{"line":523,"column":4},"end":{"line":549,"column":5}},"289":{"start":{"line":524,"column":26},"end":{"line":543,"column":7}},"290":{"start":{"line":525,"column":20},"end":{"line":525,"column":40}},"291":{"start":{"line":526,"column":23},"end":{"line":526,"column":57}},"292":{"start":{"line":527,"column":21},"end":{"line":527,"column":33}},"293":{"start":{"line":529,"column":8},"end":{"line":542,"column":9}},"294":{"start":{"line":530,"column":10},"end":{"line":530,"column":30}},"295":{"start":{"line":532,"column":24},"end":{"line":532,"column":59}},"296":{"start":{"line":533,"column":26},"end":{"line":533,"column":77}},"297":{"start":{"line":534,"column":26},"end":{"line":534,"column":65}},"298":{"start":{"line":536,"column":21},"end":{"line":536,"column":23}},"299":{"start":{"line":537,"column":10},"end":{"line":539,"column":11}},"300":{"start":{"line":538,"column":12},"end":{"line":538,"column":33}},"301":{"start":{"line":540,"column":10},"end":{"line":540,"column":44}},"302":{"start":{"line":541,"column":10},"end":{"line":541,"column":37}},"303":{"start":{"line":545,"column":6},"end":{"line":545,"column":20}},"304":{"start":{"line":546,"column":6},"end":{"line":546,"column":45}},"305":{"start":{"line":548,"column":6},"end":{"line":548,"column":31}},"306":{"start":{"line":551,"column":4},"end":{"line":553,"column":6}},"307":{"start":{"line":552,"column":6},"end":{"line":552,"column":38}},"308":{"start":{"line":552,"column":17},"end":{"line":552,"column":38}},"309":{"start":{"line":556,"column":38},"end":{"line":683,"column":3}},"310":{"start":{"line":557,"column":4},"end":{"line":557,"column":33}},"311":{"start":{"line":558,"column":4},"end":{"line":682,"column":5}},"312":{"start":{"line":559,"column":21},"end":{"line":559,"column":77}},"313":{"start":{"line":560,"column":23},"end":{"line":560,"column":55}},"314":{"start":{"line":562,"column":6},"end":{"line":585,"column":7}},"315":{"start":{"line":563,"column":30},"end":{"line":563,"column":86}},"316":{"start":{"line":563,"column":58},"end":{"line":563,"column":85}},"317":{"start":{"line":564,"column":27},"end":{"line":564,"column":83}},"318":{"start":{"line":564,"column":55},"end":{"line":564,"column":82}},"319":{"start":{"line":565,"column":22},"end":{"line":565,"column":27}},"320":{"start":{"line":567,"column":8},"end":{"line":573,"column":9}},"321":{"start":{"line":568,"column":10},"end":{"line":571,"column":12}},"322":{"start":{"line":572,"column":10},"end":{"line":572,"column":25}},"323":{"start":{"line":574,"column":8},"end":{"line":580,"column":9}},"324":{"start":{"line":575,"column":10},"end":{"line":578,"column":12}},"325":{"start":{"line":579,"column":10},"end":{"line":579,"column":25}},"326":{"start":{"line":582,"column":8},"end":{"line":584,"column":9}},"327":{"start":{"line":583,"column":10},"end":{"line":583,"column":95}},"328":{"start":{"line":587,"column":6},"end":{"line":600,"column":7}},"329":{"start":{"line":588,"column":22},"end":{"line":588,"column":81}},"330":{"start":{"line":588,"column":52},"end":{"line":588,"column":73}},"331":{"start":{"line":589,"column":8},"end":{"line":599,"column":9}},"332":{"start":{"line":590,"column":10},"end":{"line":597,"column":11}},"333":{"start":{"line":590,"column":23},"end":{"line":590,"column":24}},"334":{"start":{"line":591,"column":12},"end":{"line":596,"column":15}},"335":{"start":{"line":598,"column":10},"end":{"line":598,"column":95}},"336":{"start":{"line":602,"column":6},"end":{"line":675,"column":7}},"337":{"start":{"line":602,"column":238},"end":{"line":602,"column":261}},"338":{"start":{"line":603,"column":38},"end":{"line":670,"column":9}},"339":{"start":{"line":671,"column":8},"end":{"line":671,"column":43}},"340":{"start":{"line":672,"column":8},"end":{"line":672,"column":104}},"341":{"start":{"line":673,"column":13},"end":{"line":675,"column":7}},"342":{"start":{"line":674,"column":8},"end":{"line":674,"column":24}},"343":{"start":{"line":677,"column":6},"end":{"line":677,"column":34}},"344":{"start":{"line":679,"column":6},"end":{"line":679,"column":72}},"345":{"start":{"line":681,"column":6},"end":{"line":681,"column":34}},"346":{"start":{"line":685,"column":28},"end":{"line":702,"column":21}},"347":{"start":{"line":686,"column":4},"end":{"line":701,"column":5}},"348":{"start":{"line":687,"column":6},"end":{"line":687,"column":35}},"349":{"start":{"line":688,"column":22},"end":{"line":688,"column":63}},"350":{"start":{"line":689,"column":24},"end":{"line":689,"column":60}},"351":{"start":{"line":690,"column":18},"end":{"line":690,"column":53}},"352":{"start":{"line":691,"column":30},"end":{"line":694,"column":8}},"353":{"start":{"line":695,"column":6},"end":{"line":695,"column":38}},"354":{"start":{"line":696,"column":6},"end":{"line":696,"column":44}},"355":{"start":{"line":698,"column":6},"end":{"line":698,"column":64}},"356":{"start":{"line":700,"column":6},"end":{"line":700,"column":36}},"357":{"start":{"line":704,"column":26},"end":{"line":784,"column":52}},"358":{"start":{"line":705,"column":4},"end":{"line":783,"column":5}},"359":{"start":{"line":706,"column":22},"end":{"line":706,"column":63}},"360":{"start":{"line":707,"column":6},"end":{"line":714,"column":7}},"361":{"start":{"line":708,"column":18},"end":{"line":708,"column":37}},"362":{"start":{"line":709,"column":8},"end":{"line":709,"column":19}},"363":{"start":{"line":710,"column":8},"end":{"line":710,"column":42}},"364":{"start":{"line":711,"column":8},"end":{"line":713,"column":9}},"365":{"start":{"line":712,"column":10},"end":{"line":712,"column":29}},"366":{"start":{"line":716,"column":24},"end":{"line":716,"column":37}},"367":{"start":{"line":717,"column":6},"end":{"line":778,"column":7}},"368":{"start":{"line":718,"column":8},"end":{"line":718,"column":27}},"369":{"start":{"line":719,"column":8},"end":{"line":719,"column":50}},"370":{"start":{"line":720,"column":8},"end":{"line":720,"column":77}},"371":{"start":{"line":721,"column":8},"end":{"line":725,"column":9}},"372":{"start":{"line":722,"column":10},"end":{"line":722,"column":29}},"373":{"start":{"line":724,"column":10},"end":{"line":724,"column":30}},"374":{"start":{"line":726,"column":8},"end":{"line":728,"column":9}},"375":{"start":{"line":727,"column":10},"end":{"line":727,"column":30}},"376":{"start":{"line":731,"column":8},"end":{"line":777,"column":9}},"377":{"start":{"line":732,"column":26},"end":{"line":732,"column":59}},"378":{"start":{"line":733,"column":10},"end":{"line":774,"column":11}},"379":{"start":{"line":734,"column":33},"end":{"line":750,"column":13}},"380":{"start":{"line":752,"column":38},"end":{"line":752,"column":40}},"381":{"start":{"line":753,"column":12},"end":{"line":758,"column":15}},"382":{"start":{"line":754,"column":28},"end":{"line":754,"column":67}},"383":{"start":{"line":754,"column":51},"end":{"line":754,"column":66}},"384":{"start":{"line":755,"column":14},"end":{"line":757,"column":15}},"385":{"start":{"line":756,"column":16},"end":{"line":756,"column":39}},"386":{"start":{"line":760,"column":12},"end":{"line":773,"column":13}},"387":{"start":{"line":761,"column":14},"end":{"line":765,"column":17}},"388":{"start":{"line":762,"column":35},"end":{"line":762,"column":59}},"389":{"start":{"line":763,"column":16},"end":{"line":763,"column":117}},"390":{"start":{"line":764,"column":16},"end":{"line":764,"column":34}},"391":{"start":{"line":767,"column":14},"end":{"line":767,"column":60}},"392":{"start":{"line":768,"column":14},"end":{"line":772,"column":16}},"393":{"start":{"line":770,"column":110},"end":{"line":770,"column":123}},"394":{"start":{"line":776,"column":10},"end":{"line":776,"column":72}},"395":{"start":{"line":780,"column":6},"end":{"line":780,"column":34}},"396":{"start":{"line":782,"column":6},"end":{"line":782,"column":23}},"397":{"start":{"line":786,"column":28},"end":{"line":802,"column":3}},"398":{"start":{"line":787,"column":4},"end":{"line":787,"column":26}},"399":{"start":{"line":788,"column":4},"end":{"line":801,"column":5}},"400":{"start":{"line":789,"column":6},"end":{"line":789,"column":43}},"401":{"start":{"line":790,"column":6},"end":{"line":790,"column":26}},"402":{"start":{"line":791,"column":6},"end":{"line":795,"column":8}},"403":{"start":{"line":797,"column":6},"end":{"line":797,"column":23}},"404":{"start":{"line":798,"column":6},"end":{"line":798,"column":73}},"405":{"start":{"line":800,"column":6},"end":{"line":800,"column":29}},"406":{"start":{"line":804,"column":30},"end":{"line":831,"column":3}},"407":{"start":{"line":805,"column":4},"end":{"line":805,"column":40}},"408":{"start":{"line":806,"column":4},"end":{"line":808,"column":6}},"409":{"start":{"line":809,"column":4},"end":{"line":829,"column":7}},"410":{"start":{"line":814,"column":10},"end":{"line":821,"column":11}},"411":{"start":{"line":815,"column":12},"end":{"line":815,"column":34}},"412":{"start":{"line":816,"column":12},"end":{"line":816,"column":27}},"413":{"start":{"line":817,"column":12},"end":{"line":817,"column":37}},"414":{"start":{"line":819,"column":24},"end":{"line":819,"column":103}},"415":{"start":{"line":820,"column":12},"end":{"line":820,"column":44}},"416":{"start":{"line":830,"column":4},"end":{"line":830,"column":26}},"417":{"start":{"line":833,"column":26},"end":{"line":847,"column":3}},"418":{"start":{"line":834,"column":4},"end":{"line":834,"column":24}},"419":{"start":{"line":835,"column":4},"end":{"line":835,"column":35}},"420":{"start":{"line":836,"column":23},"end":{"line":836,"column":93}},"421":{"start":{"line":837,"column":20},"end":{"line":837,"column":40}},"422":{"start":{"line":839,"column":18},"end":{"line":839,"column":28}},"423":{"start":{"line":840,"column":29},"end":{"line":840,"column":43}},"424":{"start":{"line":841,"column":17},"end":{"line":841,"column":44}},"425":{"start":{"line":842,"column":23},"end":{"line":842,"column":77}},"426":{"start":{"line":843,"column":20},"end":{"line":843,"column":58}},"427":{"start":{"line":845,"column":22},"end":{"line":845,"column":84}},"428":{"start":{"line":845,"column":57},"end":{"line":845,"column":83}},"429":{"start":{"line":846,"column":4},"end":{"line":846,"column":36}},"430":{"start":{"line":849,"column":28},"end":{"line":859,"column":8}},"431":{"start":{"line":850,"column":4},"end":{"line":858,"column":5}},"432":{"start":{"line":851,"column":6},"end":{"line":851,"column":35}},"433":{"start":{"line":852,"column":19},"end":{"line":852,"column":42}},"434":{"start":{"line":853,"column":6},"end":{"line":853,"column":28}},"435":{"start":{"line":855,"column":6},"end":{"line":855,"column":23}},"436":{"start":{"line":857,"column":6},"end":{"line":857,"column":36}},"437":{"start":{"line":861,"column":38},"end":{"line":873,"column":8}},"438":{"start":{"line":862,"column":4},"end":{"line":872,"column":5}},"439":{"start":{"line":863,"column":16},"end":{"line":863,"column":37}},"440":{"start":{"line":864,"column":6},"end":{"line":869,"column":7}},"441":{"start":{"line":865,"column":24},"end":{"line":865,"column":66}},"442":{"start":{"line":866,"column":8},"end":{"line":868,"column":9}},"443":{"start":{"line":867,"column":10},"end":{"line":867,"column":31}},"444":{"start":{"line":871,"column":6},"end":{"line":871,"column":54}},"445":{"start":{"line":875,"column":27},"end":{"line":938,"column":26}},"446":{"start":{"line":876,"column":4},"end":{"line":937,"column":5}},"447":{"start":{"line":877,"column":16},"end":{"line":877,"column":37}},"448":{"start":{"line":878,"column":6},"end":{"line":887,"column":7}},"449":{"start":{"line":879,"column":8},"end":{"line":879,"column":29}},"450":{"start":{"line":880,"column":8},"end":{"line":880,"column":24}},"451":{"start":{"line":881,"column":8},"end":{"line":881,"column":22}},"452":{"start":{"line":882,"column":8},"end":{"line":882,"column":31}},"453":{"start":{"line":883,"column":8},"end":{"line":883,"column":28}},"454":{"start":{"line":884,"column":8},"end":{"line":884,"column":26}},"455":{"start":{"line":885,"column":8},"end":{"line":885,"column":25}},"456":{"start":{"line":886,"column":8},"end":{"line":886,"column":15}},"457":{"start":{"line":889,"column":6},"end":{"line":889,"column":40}},"458":{"start":{"line":890,"column":6},"end":{"line":890,"column":51}},"459":{"start":{"line":891,"column":6},"end":{"line":891,"column":116}},"460":{"start":{"line":892,"column":6},"end":{"line":892,"column":30}},"461":{"start":{"line":893,"column":6},"end":{"line":893,"column":40}},"462":{"start":{"line":894,"column":6},"end":{"line":894,"column":41}},"463":{"start":{"line":895,"column":6},"end":{"line":895,"column":50}},"464":{"start":{"line":897,"column":6},"end":{"line":901,"column":7}},"465":{"start":{"line":898,"column":8},"end":{"line":898,"column":39}},"466":{"start":{"line":900,"column":8},"end":{"line":900,"column":32}},"467":{"start":{"line":903,"column":6},"end":{"line":903,"column":49}},"468":{"start":{"line":904,"column":6},"end":{"line":904,"column":46}},"469":{"start":{"line":906,"column":25},"end":{"line":906,"column":60}},"470":{"start":{"line":907,"column":6},"end":{"line":922,"column":7}},"471":{"start":{"line":908,"column":8},"end":{"line":908,"column":56}},"472":{"start":{"line":909,"column":8},"end":{"line":909,"column":46}},"473":{"start":{"line":910,"column":8},"end":{"line":910,"column":44}},"474":{"start":{"line":911,"column":8},"end":{"line":911,"column":50}},"475":{"start":{"line":912,"column":8},"end":{"line":912,"column":48}},"476":{"start":{"line":913,"column":8},"end":{"line":913,"column":74}},"477":{"start":{"line":914,"column":8},"end":{"line":914,"column":32}},"478":{"start":{"line":916,"column":8},"end":{"line":916,"column":86}},"479":{"start":{"line":916,"column":46},"end":{"line":916,"column":86}},"480":{"start":{"line":917,"column":8},"end":{"line":917,"column":71}},"481":{"start":{"line":917,"column":41},"end":{"line":917,"column":71}},"482":{"start":{"line":918,"column":8},"end":{"line":918,"column":68}},"483":{"start":{"line":918,"column":40},"end":{"line":918,"column":68}},"484":{"start":{"line":919,"column":8},"end":{"line":919,"column":80}},"485":{"start":{"line":919,"column":44},"end":{"line":919,"column":80}},"486":{"start":{"line":920,"column":8},"end":{"line":920,"column":74}},"487":{"start":{"line":920,"column":42},"end":{"line":920,"column":74}},"488":{"start":{"line":921,"column":8},"end":{"line":921,"column":107}},"489":{"start":{"line":921,"column":41},"end":{"line":921,"column":107}},"490":{"start":{"line":923,"column":6},"end":{"line":925,"column":7}},"491":{"start":{"line":924,"column":8},"end":{"line":924,"column":49}},"492":{"start":{"line":927,"column":6},"end":{"line":931,"column":7}},"493":{"start":{"line":928,"column":8},"end":{"line":928,"column":29}},"494":{"start":{"line":930,"column":8},"end":{"line":930,"column":30}},"495":{"start":{"line":933,"column":6},"end":{"line":933,"column":27}},"496":{"start":{"line":934,"column":6},"end":{"line":934,"column":26}},"497":{"start":{"line":936,"column":6},"end":{"line":936,"column":44}},"498":{"start":{"line":943,"column":29},"end":{"line":964,"column":8}},"499":{"start":{"line":944,"column":4},"end":{"line":963,"column":5}},"500":{"start":{"line":945,"column":16},"end":{"line":945,"column":37}},"501":{"start":{"line":946,"column":6},"end":{"line":946,"column":21}},"502":{"start":{"line":946,"column":14},"end":{"line":946,"column":21}},"503":{"start":{"line":948,"column":6},"end":{"line":948,"column":51}},"504":{"start":{"line":949,"column":6},"end":{"line":949,"column":30}},"505":{"start":{"line":950,"column":6},"end":{"line":950,"column":40}},"506":{"start":{"line":951,"column":6},"end":{"line":951,"column":41}},"507":{"start":{"line":952,"column":6},"end":{"line":952,"column":50}},"508":{"start":{"line":954,"column":6},"end":{"line":954,"column":54}},"509":{"start":{"line":954,"column":23},"end":{"line":954,"column":54}},"510":{"start":{"line":955,"column":6},"end":{"line":955,"column":75}},"511":{"start":{"line":955,"column":41},"end":{"line":955,"column":75}},"512":{"start":{"line":956,"column":6},"end":{"line":956,"column":72}},"513":{"start":{"line":956,"column":40},"end":{"line":956,"column":72}},"514":{"start":{"line":957,"column":6},"end":{"line":957,"column":72}},"515":{"start":{"line":957,"column":40},"end":{"line":957,"column":72}},"516":{"start":{"line":962,"column":6},"end":{"line":962,"column":72}},"517":{"start":{"line":966,"column":24},"end":{"line":976,"column":17}},"518":{"start":{"line":967,"column":4},"end":{"line":975,"column":5}},"519":{"start":{"line":968,"column":6},"end":{"line":968,"column":26}},"520":{"start":{"line":969,"column":19},"end":{"line":969,"column":42}},"521":{"start":{"line":970,"column":6},"end":{"line":970,"column":28}},"522":{"start":{"line":972,"column":6},"end":{"line":972,"column":66}},"523":{"start":{"line":974,"column":6},"end":{"line":974,"column":27}},"524":{"start":{"line":978,"column":24},"end":{"line":992,"column":8}},"525":{"start":{"line":979,"column":4},"end":{"line":991,"column":5}},"526":{"start":{"line":980,"column":6},"end":{"line":980,"column":28}},"527":{"start":{"line":981,"column":20},"end":{"line":981,"column":42}},"528":{"start":{"line":982,"column":6},"end":{"line":982,"column":28}},"529":{"start":{"line":983,"column":6},"end":{"line":986,"column":7}},"530":{"start":{"line":984,"column":21},"end":{"line":984,"column":52}},"531":{"start":{"line":985,"column":8},"end":{"line":985,"column":36}},"532":{"start":{"line":988,"column":6},"end":{"line":988,"column":45}},"533":{"start":{"line":990,"column":6},"end":{"line":990,"column":29}},"534":{"start":{"line":994,"column":28},"end":{"line":1008,"column":3}},"535":{"start":{"line":995,"column":4},"end":{"line":1007,"column":5}},"536":{"start":{"line":996,"column":6},"end":{"line":996,"column":28}},"537":{"start":{"line":997,"column":20},"end":{"line":997,"column":39}},"538":{"start":{"line":998,"column":6},"end":{"line":998,"column":28}},"539":{"start":{"line":999,"column":6},"end":{"line":999,"column":52}},"540":{"start":{"line":1000,"column":6},"end":{"line":1000,"column":107}},"541":{"start":{"line":1001,"column":6},"end":{"line":1001,"column":22}},"542":{"start":{"line":1003,"column":18},"end":{"line":1003,"column":82}},"543":{"start":{"line":1004,"column":6},"end":{"line":1004,"column":52}},"544":{"start":{"line":1006,"column":6},"end":{"line":1006,"column":29}},"545":{"start":{"line":1010,"column":26},"end":{"line":1068,"column":3}},"546":{"start":{"line":1011,"column":4},"end":{"line":1014,"column":5}},"547":{"start":{"line":1012,"column":6},"end":{"line":1012,"column":72}},"548":{"start":{"line":1013,"column":6},"end":{"line":1013,"column":13}},"549":{"start":{"line":1015,"column":17},"end":{"line":1015,"column":52}},"550":{"start":{"line":1016,"column":4},"end":{"line":1067,"column":5}},"551":{"start":{"line":1017,"column":6},"end":{"line":1017,"column":28}},"552":{"start":{"line":1018,"column":20},"end":{"line":1018,"column":41}},"553":{"start":{"line":1019,"column":6},"end":{"line":1019,"column":28}},"554":{"start":{"line":1020,"column":6},"end":{"line":1020,"column":52}},"555":{"start":{"line":1021,"column":6},"end":{"line":1021,"column":91}},"556":{"start":{"line":1022,"column":6},"end":{"line":1022,"column":28}},"557":{"start":{"line":1023,"column":6},"end":{"line":1023,"column":22}},"558":{"start":{"line":1025,"column":23},"end":{"line":1025,"column":98}},"559":{"start":{"line":1026,"column":21},"end":{"line":1026,"column":70}},"560":{"start":{"line":1026,"column":46},"end":{"line":1026,"column":69}},"561":{"start":{"line":1027,"column":29},"end":{"line":1027,"column":99}},"562":{"start":{"line":1029,"column":6},"end":{"line":1064,"column":7}},"563":{"start":{"line":1030,"column":8},"end":{"line":1061,"column":10}},"564":{"start":{"line":1039,"column":16},"end":{"line":1053,"column":17}},"565":{"start":{"line":1040,"column":18},"end":{"line":1040,"column":40}},"566":{"start":{"line":1041,"column":32},"end":{"line":1041,"column":59}},"567":{"start":{"line":1042,"column":18},"end":{"line":1042,"column":40}},"568":{"start":{"line":1043,"column":18},"end":{"line":1043,"column":59}},"569":{"start":{"line":1044,"column":18},"end":{"line":1044,"column":64}},"570":{"start":{"line":1045,"column":18},"end":{"line":1045,"column":146}},"571":{"start":{"line":1046,"column":18},"end":{"line":1046,"column":40}},"572":{"start":{"line":1047,"column":18},"end":{"line":1047,"column":34}},"573":{"start":{"line":1049,"column":33},"end":{"line":1049,"column":112}},"574":{"start":{"line":1050,"column":18},"end":{"line":1050,"column":69}},"575":{"start":{"line":1052,"column":18},"end":{"line":1052,"column":41}},"576":{"start":{"line":1063,"column":8},"end":{"line":1063,"column":57}},"577":{"start":{"line":1066,"column":6},"end":{"line":1066,"column":29}},"578":{"start":{"line":1070,"column":27},"end":{"line":1083,"column":3}},"579":{"start":{"line":1071,"column":4},"end":{"line":1082,"column":5}},"580":{"start":{"line":1072,"column":6},"end":{"line":1072,"column":28}},"581":{"start":{"line":1073,"column":6},"end":{"line":1073,"column":25}},"582":{"start":{"line":1074,"column":6},"end":{"line":1074,"column":27}},"583":{"start":{"line":1075,"column":6},"end":{"line":1075,"column":26}},"584":{"start":{"line":1076,"column":6},"end":{"line":1076,"column":26}},"585":{"start":{"line":1077,"column":6},"end":{"line":1077,"column":96}},"586":{"start":{"line":1079,"column":6},"end":{"line":1079,"column":68}},"587":{"start":{"line":1081,"column":6},"end":{"line":1081,"column":29}},"588":{"start":{"line":1085,"column":32},"end":{"line":1099,"column":3}},"589":{"start":{"line":1086,"column":4},"end":{"line":1086,"column":69}},"590":{"start":{"line":1086,"column":62},"end":{"line":1086,"column":69}},"591":{"start":{"line":1087,"column":4},"end":{"line":1098,"column":5}},"592":{"start":{"line":1088,"column":6},"end":{"line":1088,"column":30}},"593":{"start":{"line":1089,"column":6},"end":{"line":1089,"column":62}},"594":{"start":{"line":1090,"column":6},"end":{"line":1090,"column":23}},"595":{"start":{"line":1091,"column":6},"end":{"line":1091,"column":26}},"596":{"start":{"line":1092,"column":19},"end":{"line":1092,"column":56}},"597":{"start":{"line":1093,"column":6},"end":{"line":1093,"column":34}},"598":{"start":{"line":1095,"column":6},"end":{"line":1095,"column":54}},"599":{"start":{"line":1097,"column":6},"end":{"line":1097,"column":31}},"600":{"start":{"line":1101,"column":28},"end":{"line":1114,"column":3}},"601":{"start":{"line":1102,"column":4},"end":{"line":1105,"column":5}},"602":{"start":{"line":1103,"column":6},"end":{"line":1103,"column":86}},"603":{"start":{"line":1104,"column":6},"end":{"line":1104,"column":13}},"604":{"start":{"line":1106,"column":4},"end":{"line":1106,"column":29}},"605":{"start":{"line":1107,"column":24},"end":{"line":1111,"column":5}},"606":{"start":{"line":1107,"column":57},"end":{"line":1107,"column":87}},"607":{"start":{"line":1112,"column":4},"end":{"line":1112,"column":33}},"608":{"start":{"line":1113,"column":4},"end":{"line":1113,"column":27}},"609":{"start":{"line":1116,"column":29},"end":{"line":1129,"column":3}},"610":{"start":{"line":1117,"column":4},"end":{"line":1128,"column":5}},"611":{"start":{"line":1118,"column":6},"end":{"line":1118,"column":23}},"612":{"start":{"line":1119,"column":6},"end":{"line":1119,"column":43}},"613":{"start":{"line":1120,"column":6},"end":{"line":1120,"column":50}},"614":{"start":{"line":1121,"column":6},"end":{"line":1121,"column":31}},"615":{"start":{"line":1122,"column":6},"end":{"line":1122,"column":26}},"616":{"start":{"line":1124,"column":18},"end":{"line":1124,"column":96}},"617":{"start":{"line":1125,"column":6},"end":{"line":1125,"column":52}},"618":{"start":{"line":1127,"column":6},"end":{"line":1127,"column":24}},"619":{"start":{"line":1131,"column":28},"end":{"line":1206,"column":3}},"620":{"start":{"line":1132,"column":4},"end":{"line":1135,"column":5}},"621":{"start":{"line":1133,"column":6},"end":{"line":1133,"column":79}},"622":{"start":{"line":1134,"column":6},"end":{"line":1134,"column":13}},"623":{"start":{"line":1137,"column":4},"end":{"line":1205,"column":5}},"624":{"start":{"line":1138,"column":6},"end":{"line":1138,"column":26}},"625":{"start":{"line":1139,"column":18},"end":{"line":1145,"column":7}},"626":{"start":{"line":1146,"column":6},"end":{"line":1146,"column":20}},"627":{"start":{"line":1147,"column":6},"end":{"line":1147,"column":32}},"628":{"start":{"line":1148,"column":6},"end":{"line":1148,"column":27}},"629":{"start":{"line":1149,"column":6},"end":{"line":1149,"column":26}},"630":{"start":{"line":1150,"column":6},"end":{"line":1150,"column":28}},"631":{"start":{"line":1151,"column":6},"end":{"line":1151,"column":30}},"632":{"start":{"line":1152,"column":6},"end":{"line":1152,"column":28}},"633":{"start":{"line":1153,"column":6},"end":{"line":1153,"column":28}},"634":{"start":{"line":1154,"column":6},"end":{"line":1154,"column":32}},"635":{"start":{"line":1155,"column":6},"end":{"line":1157,"column":7}},"636":{"start":{"line":1156,"column":8},"end":{"line":1156,"column":44}},"637":{"start":{"line":1159,"column":6},"end":{"line":1197,"column":7}},"638":{"start":{"line":1160,"column":8},"end":{"line":1160,"column":54}},"639":{"start":{"line":1161,"column":8},"end":{"line":1161,"column":99}},"640":{"start":{"line":1162,"column":8},"end":{"line":1162,"column":24}},"641":{"start":{"line":1164,"column":22},"end":{"line":1164,"column":35}},"642":{"start":{"line":1165,"column":22},"end":{"line":1165,"column":54}},"643":{"start":{"line":1167,"column":8},"end":{"line":1184,"column":9}},"644":{"start":{"line":1168,"column":10},"end":{"line":1170,"column":12}},"645":{"start":{"line":1171,"column":10},"end":{"line":1179,"column":11}},"646":{"start":{"line":1172,"column":12},"end":{"line":1172,"column":51}},"647":{"start":{"line":1173,"column":12},"end":{"line":1176,"column":15}},"648":{"start":{"line":1174,"column":29},"end":{"line":1174,"column":78}},"649":{"start":{"line":1174,"column":46},"end":{"line":1174,"column":77}},"650":{"start":{"line":1175,"column":14},"end":{"line":1175,"column":54}},"651":{"start":{"line":1178,"column":12},"end":{"line":1178,"column":36}},"652":{"start":{"line":1180,"column":10},"end":{"line":1180,"column":30}},"653":{"start":{"line":1182,"column":10},"end":{"line":1182,"column":46}},"654":{"start":{"line":1183,"column":10},"end":{"line":1183,"column":96}},"655":{"start":{"line":1186,"column":8},"end":{"line":1186,"column":29}},"656":{"start":{"line":1188,"column":8},"end":{"line":1188,"column":27}},"657":{"start":{"line":1189,"column":8},"end":{"line":1189,"column":96}},"658":{"start":{"line":1190,"column":8},"end":{"line":1194,"column":10}},"659":{"start":{"line":1195,"column":8},"end":{"line":1195,"column":29}},"660":{"start":{"line":1196,"column":8},"end":{"line":1196,"column":24}},"661":{"start":{"line":1199,"column":6},"end":{"line":1199,"column":24}},"662":{"start":{"line":1201,"column":18},"end":{"line":1201,"column":87}},"663":{"start":{"line":1202,"column":6},"end":{"line":1202,"column":38}},"664":{"start":{"line":1204,"column":6},"end":{"line":1204,"column":27}},"665":{"start":{"line":1208,"column":29},"end":{"line":1226,"column":3}},"666":{"start":{"line":1209,"column":4},"end":{"line":1225,"column":5}},"667":{"start":{"line":1210,"column":6},"end":{"line":1210,"column":30}},"668":{"start":{"line":1211,"column":6},"end":{"line":1211,"column":42}},"669":{"start":{"line":1212,"column":6},"end":{"line":1212,"column":26}},"670":{"start":{"line":1213,"column":6},"end":{"line":1217,"column":8}},"671":{"start":{"line":1218,"column":6},"end":{"line":1218,"column":27}},"672":{"start":{"line":1219,"column":6},"end":{"line":1219,"column":22}},"673":{"start":{"line":1221,"column":18},"end":{"line":1221,"column":102}},"674":{"start":{"line":1222,"column":6},"end":{"line":1222,"column":38}},"675":{"start":{"line":1224,"column":6},"end":{"line":1224,"column":31}},"676":{"start":{"line":1228,"column":27},"end":{"line":1293,"column":3}},"677":{"start":{"line":1229,"column":25},"end":{"line":1229,"column":100}},"678":{"start":{"line":1230,"column":4},"end":{"line":1233,"column":5}},"679":{"start":{"line":1231,"column":6},"end":{"line":1231,"column":79}},"680":{"start":{"line":1232,"column":6},"end":{"line":1232,"column":13}},"681":{"start":{"line":1235,"column":4},"end":{"line":1292,"column":5}},"682":{"start":{"line":1236,"column":6},"end":{"line":1236,"column":26}},"683":{"start":{"line":1237,"column":6},"end":{"line":1237,"column":29}},"684":{"start":{"line":1238,"column":18},"end":{"line":1243,"column":7}},"685":{"start":{"line":1244,"column":6},"end":{"line":1244,"column":25}},"686":{"start":{"line":1245,"column":6},"end":{"line":1245,"column":20}},"687":{"start":{"line":1246,"column":6},"end":{"line":1246,"column":32}},"688":{"start":{"line":1247,"column":6},"end":{"line":1247,"column":27}},"689":{"start":{"line":1248,"column":6},"end":{"line":1248,"column":26}},"690":{"start":{"line":1249,"column":6},"end":{"line":1249,"column":28}},"691":{"start":{"line":1250,"column":6},"end":{"line":1250,"column":30}},"692":{"start":{"line":1251,"column":6},"end":{"line":1251,"column":28}},"693":{"start":{"line":1252,"column":6},"end":{"line":1252,"column":28}},"694":{"start":{"line":1253,"column":6},"end":{"line":1253,"column":32}},"695":{"start":{"line":1254,"column":6},"end":{"line":1254,"column":21}},"696":{"start":{"line":1255,"column":6},"end":{"line":1255,"column":27}},"697":{"start":{"line":1256,"column":6},"end":{"line":1258,"column":7}},"698":{"start":{"line":1257,"column":8},"end":{"line":1257,"column":41}},"699":{"start":{"line":1260,"column":6},"end":{"line":1285,"column":7}},"700":{"start":{"line":1261,"column":8},"end":{"line":1261,"column":54}},"701":{"start":{"line":1262,"column":8},"end":{"line":1266,"column":10}},"702":{"start":{"line":1267,"column":8},"end":{"line":1267,"column":24}},"703":{"start":{"line":1269,"column":22},"end":{"line":1269,"column":35}},"704":{"start":{"line":1270,"column":22},"end":{"line":1270,"column":33}},"705":{"start":{"line":1271,"column":8},"end":{"line":1271,"column":57}},"706":{"start":{"line":1271,"column":32},"end":{"line":1271,"column":54}},"707":{"start":{"line":1272,"column":8},"end":{"line":1272,"column":44}},"708":{"start":{"line":1274,"column":8},"end":{"line":1274,"column":26}},"709":{"start":{"line":1275,"column":8},"end":{"line":1275,"column":29}},"710":{"start":{"line":1277,"column":8},"end":{"line":1277,"column":27}},"711":{"start":{"line":1278,"column":8},"end":{"line":1282,"column":10}},"712":{"start":{"line":1283,"column":8},"end":{"line":1283,"column":29}},"713":{"start":{"line":1284,"column":8},"end":{"line":1284,"column":24}},"714":{"start":{"line":1287,"column":18},"end":{"line":1287,"column":98}},"715":{"start":{"line":1288,"column":6},"end":{"line":1288,"column":38}},"716":{"start":{"line":1290,"column":6},"end":{"line":1290,"column":26}},"717":{"start":{"line":1291,"column":6},"end":{"line":1291,"column":27}},"718":{"start":{"line":1294,"column":28},"end":{"line":1301,"column":3}},"719":{"start":{"line":1295,"column":23},"end":{"line":1295,"column":43}},"720":{"start":{"line":1296,"column":4},"end":{"line":1296,"column":42}},"721":{"start":{"line":1296,"column":31},"end":{"line":1296,"column":42}},"722":{"start":{"line":1297,"column":4},"end":{"line":1297,"column":46}},"723":{"start":{"line":1297,"column":35},"end":{"line":1297,"column":46}},"724":{"start":{"line":1298,"column":4},"end":{"line":1298,"column":45}},"725":{"start":{"line":1298,"column":34},"end":{"line":1298,"column":45}},"726":{"start":{"line":1299,"column":4},"end":{"line":1299,"column":43}},"727":{"start":{"line":1299,"column":32},"end":{"line":1299,"column":43}},"728":{"start":{"line":1300,"column":4},"end":{"line":1300,"column":15}},"729":{"start":{"line":1303,"column":28},"end":{"line":1322,"column":3}},"730":{"start":{"line":1304,"column":4},"end":{"line":1304,"column":35}},"731":{"start":{"line":1305,"column":4},"end":{"line":1305,"column":31}},"732":{"start":{"line":1306,"column":19},"end":{"line":1306,"column":48}},"733":{"start":{"line":1307,"column":4},"end":{"line":1307,"column":27}},"734":{"start":{"line":1308,"column":4},"end":{"line":1308,"column":24}},"735":{"start":{"line":1309,"column":4},"end":{"line":1309,"column":30}},"736":{"start":{"line":1310,"column":4},"end":{"line":1310,"column":24}},"737":{"start":{"line":1311,"column":4},"end":{"line":1311,"column":35}},"738":{"start":{"line":1312,"column":4},"end":{"line":1312,"column":70}},"739":{"start":{"line":1313,"column":4},"end":{"line":1313,"column":22}},"740":{"start":{"line":1314,"column":4},"end":{"line":1314,"column":18}},"741":{"start":{"line":1315,"column":4},"end":{"line":1315,"column":26}},"742":{"start":{"line":1316,"column":4},"end":{"line":1316,"column":30}},"743":{"start":{"line":1317,"column":4},"end":{"line":1317,"column":25}},"744":{"start":{"line":1318,"column":4},"end":{"line":1318,"column":46}},"745":{"start":{"line":1320,"column":4},"end":{"line":1320,"column":37}},"746":{"start":{"line":1321,"column":4},"end":{"line":1321,"column":24}},"747":{"start":{"line":1324,"column":29},"end":{"line":1359,"column":3}},"748":{"start":{"line":1325,"column":4},"end":{"line":1325,"column":27}},"749":{"start":{"line":1326,"column":4},"end":{"line":1326,"column":39}},"750":{"start":{"line":1327,"column":19},"end":{"line":1327,"column":84}},"751":{"start":{"line":1328,"column":4},"end":{"line":1328,"column":27}},"752":{"start":{"line":1329,"column":23},"end":{"line":1331,"column":79}},"753":{"start":{"line":1332,"column":4},"end":{"line":1332,"column":27}},"754":{"start":{"line":1333,"column":4},"end":{"line":1333,"column":48}},"755":{"start":{"line":1334,"column":4},"end":{"line":1334,"column":40}},"756":{"start":{"line":1335,"column":4},"end":{"line":1335,"column":69}},"757":{"start":{"line":1336,"column":4},"end":{"line":1336,"column":25}},"758":{"start":{"line":1337,"column":4},"end":{"line":1337,"column":18}},"759":{"start":{"line":1338,"column":4},"end":{"line":1338,"column":22}},"760":{"start":{"line":1339,"column":4},"end":{"line":1339,"column":30}},"761":{"start":{"line":1340,"column":4},"end":{"line":1340,"column":25}},"762":{"start":{"line":1341,"column":4},"end":{"line":1341,"column":60}},"763":{"start":{"line":1342,"column":4},"end":{"line":1342,"column":57}},"764":{"start":{"line":1343,"column":4},"end":{"line":1343,"column":57}},"765":{"start":{"line":1344,"column":4},"end":{"line":1344,"column":81}},"766":{"start":{"line":1348,"column":4},"end":{"line":1348,"column":30}},"767":{"start":{"line":1349,"column":4},"end":{"line":1349,"column":25}},"768":{"start":{"line":1350,"column":4},"end":{"line":1350,"column":24}},"769":{"start":{"line":1351,"column":4},"end":{"line":1351,"column":26}},"770":{"start":{"line":1352,"column":4},"end":{"line":1352,"column":23}},"771":{"start":{"line":1354,"column":4},"end":{"line":1356,"column":5}},"772":{"start":{"line":1355,"column":6},"end":{"line":1355,"column":42}},"773":{"start":{"line":1358,"column":4},"end":{"line":1358,"column":24}},"774":{"start":{"line":1361,"column":26},"end":{"line":1381,"column":3}},"775":{"start":{"line":1362,"column":4},"end":{"line":1380,"column":5}},"776":{"start":{"line":1363,"column":6},"end":{"line":1363,"column":29}},"777":{"start":{"line":1364,"column":6},"end":{"line":1364,"column":37}},"778":{"start":{"line":1365,"column":6},"end":{"line":1365,"column":52}},"779":{"start":{"line":1366,"column":6},"end":{"line":1366,"column":112}},"780":{"start":{"line":1367,"column":6},"end":{"line":1367,"column":22}},"781":{"start":{"line":1369,"column":20},"end":{"line":1369,"column":33}},"782":{"start":{"line":1370,"column":20},"end":{"line":1370,"column":31}},"783":{"start":{"line":1371,"column":6},"end":{"line":1371,"column":55}},"784":{"start":{"line":1371,"column":30},"end":{"line":1371,"column":52}},"785":{"start":{"line":1372,"column":6},"end":{"line":1372,"column":42}},"786":{"start":{"line":1374,"column":6},"end":{"line":1374,"column":24}},"787":{"start":{"line":1376,"column":18},"end":{"line":1376,"column":80}},"788":{"start":{"line":1377,"column":6},"end":{"line":1377,"column":38}},"789":{"start":{"line":1379,"column":6},"end":{"line":1379,"column":26}},"790":{"start":{"line":1383,"column":35},"end":{"line":1417,"column":3}},"791":{"start":{"line":1384,"column":25},"end":{"line":1397,"column":5}},"792":{"start":{"line":1399,"column":4},"end":{"line":1402,"column":5}},"793":{"start":{"line":1400,"column":6},"end":{"line":1400,"column":170}},"794":{"start":{"line":1401,"column":6},"end":{"line":1401,"column":13}},"795":{"start":{"line":1404,"column":4},"end":{"line":1410,"column":5}},"796":{"start":{"line":1405,"column":6},"end":{"line":1405,"column":24}},"797":{"start":{"line":1406,"column":6},"end":{"line":1406,"column":27}},"798":{"start":{"line":1407,"column":6},"end":{"line":1407,"column":30}},"799":{"start":{"line":1408,"column":6},"end":{"line":1408,"column":30}},"800":{"start":{"line":1409,"column":6},"end":{"line":1409,"column":13}},"801":{"start":{"line":1413,"column":4},"end":{"line":1413,"column":22}},"802":{"start":{"line":1414,"column":4},"end":{"line":1414,"column":25}},"803":{"start":{"line":1415,"column":4},"end":{"line":1415,"column":30}},"804":{"start":{"line":1416,"column":4},"end":{"line":1416,"column":27}},"805":{"start":{"line":1419,"column":30},"end":{"line":1423,"column":3}},"806":{"start":{"line":1420,"column":4},"end":{"line":1420,"column":24}},"807":{"start":{"line":1421,"column":4},"end":{"line":1421,"column":26}},"808":{"start":{"line":1422,"column":4},"end":{"line":1422,"column":27}},"809":{"start":{"line":1425,"column":36},"end":{"line":1547,"column":3}},"810":{"start":{"line":1426,"column":4},"end":{"line":1426,"column":30}},"811":{"start":{"line":1426,"column":23},"end":{"line":1426,"column":30}},"812":{"start":{"line":1427,"column":4},"end":{"line":1546,"column":5}},"813":{"start":{"line":1428,"column":6},"end":{"line":1428,"column":26}},"814":{"start":{"line":1429,"column":6},"end":{"line":1429,"column":26}},"815":{"start":{"line":1431,"column":20},"end":{"line":1431,"column":35}},"816":{"start":{"line":1434,"column":6},"end":{"line":1475,"column":7}},"817":{"start":{"line":1435,"column":22},"end":{"line":1435,"column":75}},"818":{"start":{"line":1435,"column":54},"end":{"line":1435,"column":74}},"819":{"start":{"line":1436,"column":8},"end":{"line":1441,"column":9}},"820":{"start":{"line":1437,"column":10},"end":{"line":1437,"column":105}},"821":{"start":{"line":1438,"column":10},"end":{"line":1438,"column":34}},"822":{"start":{"line":1439,"column":10},"end":{"line":1439,"column":32}},"823":{"start":{"line":1440,"column":10},"end":{"line":1440,"column":17}},"824":{"start":{"line":1443,"column":25},"end":{"line":1443,"column":72}},"825":{"start":{"line":1444,"column":22},"end":{"line":1444,"column":42}},"826":{"start":{"line":1446,"column":8},"end":{"line":1446,"column":32}},"827":{"start":{"line":1447,"column":8},"end":{"line":1447,"column":30}},"828":{"start":{"line":1449,"column":8},"end":{"line":1472,"column":9}},"829":{"start":{"line":1450,"column":24},"end":{"line":1454,"column":11}},"830":{"start":{"line":1455,"column":26},"end":{"line":1455,"column":73}},"831":{"start":{"line":1456,"column":10},"end":{"line":1459,"column":13}},"832":{"start":{"line":1457,"column":25},"end":{"line":1457,"column":89}},"833":{"start":{"line":1457,"column":44},"end":{"line":1457,"column":88}},"834":{"start":{"line":1458,"column":12},"end":{"line":1458,"column":38}},"835":{"start":{"line":1460,"column":10},"end":{"line":1460,"column":56}},"836":{"start":{"line":1461,"column":10},"end":{"line":1461,"column":175}},"837":{"start":{"line":1463,"column":10},"end":{"line":1463,"column":102}},"838":{"start":{"line":1463,"column":36},"end":{"line":1463,"column":100}},"839":{"start":{"line":1463,"column":55},"end":{"line":1463,"column":99}},"840":{"start":{"line":1464,"column":10},"end":{"line":1469,"column":11}},"841":{"start":{"line":1465,"column":26},"end":{"line":1465,"column":33}},"842":{"start":{"line":1466,"column":26},"end":{"line":1466,"column":36}},"843":{"start":{"line":1467,"column":12},"end":{"line":1467,"column":44}},"844":{"start":{"line":1468,"column":12},"end":{"line":1468,"column":48}},"845":{"start":{"line":1470,"column":10},"end":{"line":1470,"column":54}},"846":{"start":{"line":1471,"column":10},"end":{"line":1471,"column":156}},"847":{"start":{"line":1473,"column":8},"end":{"line":1473,"column":26}},"848":{"start":{"line":1474,"column":8},"end":{"line":1474,"column":15}},"849":{"start":{"line":1478,"column":24},"end":{"line":1487,"column":7}},"850":{"start":{"line":1489,"column":6},"end":{"line":1520,"column":7}},"851":{"start":{"line":1490,"column":20},"end":{"line":1490,"column":54}},"852":{"start":{"line":1491,"column":8},"end":{"line":1491,"column":40}},"853":{"start":{"line":1493,"column":8},"end":{"line":1493,"column":32}},"854":{"start":{"line":1494,"column":8},"end":{"line":1494,"column":30}},"855":{"start":{"line":1495,"column":8},"end":{"line":1495,"column":54}},"856":{"start":{"line":1498,"column":8},"end":{"line":1503,"column":9}},"857":{"start":{"line":1499,"column":24},"end":{"line":1499,"column":31}},"858":{"start":{"line":1500,"column":24},"end":{"line":1500,"column":35}},"859":{"start":{"line":1501,"column":10},"end":{"line":1501,"column":59}},"860":{"start":{"line":1501,"column":34},"end":{"line":1501,"column":56}},"861":{"start":{"line":1502,"column":10},"end":{"line":1502,"column":46}},"862":{"start":{"line":1506,"column":8},"end":{"line":1511,"column":9}},"863":{"start":{"line":1507,"column":24},"end":{"line":1507,"column":31}},"864":{"start":{"line":1508,"column":24},"end":{"line":1508,"column":35}},"865":{"start":{"line":1509,"column":10},"end":{"line":1509,"column":59}},"866":{"start":{"line":1509,"column":34},"end":{"line":1509,"column":56}},"867":{"start":{"line":1510,"column":10},"end":{"line":1510,"column":46}},"868":{"start":{"line":1513,"column":8},"end":{"line":1513,"column":91}},"869":{"start":{"line":1515,"column":8},"end":{"line":1517,"column":9}},"870":{"start":{"line":1516,"column":10},"end":{"line":1516,"column":26}},"871":{"start":{"line":1518,"column":8},"end":{"line":1518,"column":26}},"872":{"start":{"line":1519,"column":8},"end":{"line":1519,"column":15}},"873":{"start":{"line":1523,"column":6},"end":{"line":1523,"column":28}},"874":{"start":{"line":1524,"column":6},"end":{"line":1524,"column":38}},"875":{"start":{"line":1525,"column":6},"end":{"line":1525,"column":30}},"876":{"start":{"line":1526,"column":6},"end":{"line":1526,"column":28}},"877":{"start":{"line":1527,"column":6},"end":{"line":1527,"column":52}},"878":{"start":{"line":1529,"column":6},"end":{"line":1534,"column":7}},"879":{"start":{"line":1530,"column":22},"end":{"line":1530,"column":29}},"880":{"start":{"line":1531,"column":22},"end":{"line":1531,"column":33}},"881":{"start":{"line":1532,"column":8},"end":{"line":1532,"column":57}},"882":{"start":{"line":1532,"column":32},"end":{"line":1532,"column":54}},"883":{"start":{"line":1533,"column":8},"end":{"line":1533,"column":44}},"884":{"start":{"line":1536,"column":6},"end":{"line":1536,"column":121}},"885":{"start":{"line":1537,"column":6},"end":{"line":1537,"column":24}},"886":{"start":{"line":1540,"column":6},"end":{"line":1540,"column":30}},"887":{"start":{"line":1541,"column":6},"end":{"line":1541,"column":28}},"888":{"start":{"line":1542,"column":18},"end":{"line":1542,"column":92}},"889":{"start":{"line":1543,"column":6},"end":{"line":1543,"column":38}},"890":{"start":{"line":1545,"column":6},"end":{"line":1545,"column":27}},"891":{"start":{"line":1549,"column":34},"end":{"line":1795,"column":3}},"892":{"start":{"line":1550,"column":4},"end":{"line":1550,"column":26}},"893":{"start":{"line":1550,"column":19},"end":{"line":1550,"column":26}},"894":{"start":{"line":1552,"column":4},"end":{"line":1557,"column":5}},"895":{"start":{"line":1553,"column":6},"end":{"line":1553,"column":172}},"896":{"start":{"line":1554,"column":6},"end":{"line":1554,"column":28}},"897":{"start":{"line":1555,"column":6},"end":{"line":1555,"column":30}},"898":{"start":{"line":1556,"column":6},"end":{"line":1556,"column":13}},"899":{"start":{"line":1560,"column":4},"end":{"line":1570,"column":5}},"900":{"start":{"line":1561,"column":6},"end":{"line":1561,"column":36}},"901":{"start":{"line":1562,"column":6},"end":{"line":1562,"column":38}},"902":{"start":{"line":1563,"column":6},"end":{"line":1563,"column":55}},"903":{"start":{"line":1563,"column":31},"end":{"line":1563,"column":53}},"904":{"start":{"line":1564,"column":6},"end":{"line":1564,"column":31}},"905":{"start":{"line":1565,"column":6},"end":{"line":1565,"column":28}},"906":{"start":{"line":1566,"column":6},"end":{"line":1566,"column":30}},"907":{"start":{"line":1567,"column":6},"end":{"line":1567,"column":52}},"908":{"start":{"line":1568,"column":6},"end":{"line":1568,"column":127}},"909":{"start":{"line":1569,"column":6},"end":{"line":1569,"column":13}},"910":{"start":{"line":1573,"column":4},"end":{"line":1583,"column":5}},"911":{"start":{"line":1574,"column":6},"end":{"line":1574,"column":36}},"912":{"start":{"line":1575,"column":6},"end":{"line":1575,"column":38}},"913":{"start":{"line":1576,"column":6},"end":{"line":1576,"column":55}},"914":{"start":{"line":1576,"column":31},"end":{"line":1576,"column":53}},"915":{"start":{"line":1577,"column":6},"end":{"line":1577,"column":31}},"916":{"start":{"line":1578,"column":6},"end":{"line":1578,"column":28}},"917":{"start":{"line":1579,"column":6},"end":{"line":1579,"column":30}},"918":{"start":{"line":1580,"column":6},"end":{"line":1580,"column":52}},"919":{"start":{"line":1581,"column":6},"end":{"line":1581,"column":106}},"920":{"start":{"line":1582,"column":6},"end":{"line":1582,"column":13}},"921":{"start":{"line":1586,"column":4},"end":{"line":1620,"column":5}},"922":{"start":{"line":1587,"column":6},"end":{"line":1593,"column":7}},"923":{"start":{"line":1588,"column":8},"end":{"line":1588,"column":119}},"924":{"start":{"line":1589,"column":8},"end":{"line":1589,"column":33}},"925":{"start":{"line":1590,"column":8},"end":{"line":1590,"column":30}},"926":{"start":{"line":1591,"column":8},"end":{"line":1591,"column":32}},"927":{"start":{"line":1592,"column":8},"end":{"line":1592,"column":15}},"928":{"start":{"line":1594,"column":6},"end":{"line":1618,"column":7}},"929":{"start":{"line":1595,"column":8},"end":{"line":1595,"column":28}},"930":{"start":{"line":1596,"column":8},"end":{"line":1596,"column":42}},"931":{"start":{"line":1597,"column":8},"end":{"line":1597,"column":41}},"932":{"start":{"line":1598,"column":8},"end":{"line":1598,"column":58}},"933":{"start":{"line":1598,"column":33},"end":{"line":1598,"column":56}},"934":{"start":{"line":1599,"column":8},"end":{"line":1599,"column":33}},"935":{"start":{"line":1600,"column":8},"end":{"line":1600,"column":30}},"936":{"start":{"line":1601,"column":8},"end":{"line":1601,"column":32}},"937":{"start":{"line":1602,"column":8},"end":{"line":1602,"column":54}},"938":{"start":{"line":1603,"column":8},"end":{"line":1603,"column":141}},"939":{"start":{"line":1606,"column":8},"end":{"line":1606,"column":25}},"940":{"start":{"line":1607,"column":8},"end":{"line":1607,"column":32}},"941":{"start":{"line":1609,"column":8},"end":{"line":1609,"column":24}},"942":{"start":{"line":1611,"column":20},"end":{"line":1611,"column":104}},"943":{"start":{"line":1612,"column":8},"end":{"line":1612,"column":83}},"944":{"start":{"line":1613,"column":8},"end":{"line":1613,"column":33}},"945":{"start":{"line":1614,"column":8},"end":{"line":1614,"column":30}},"946":{"start":{"line":1615,"column":8},"end":{"line":1615,"column":32}},"947":{"start":{"line":1617,"column":8},"end":{"line":1617,"column":29}},"948":{"start":{"line":1619,"column":6},"end":{"line":1619,"column":13}},"949":{"start":{"line":1625,"column":4},"end":{"line":1649,"column":5}},"950":{"start":{"line":1626,"column":6},"end":{"line":1647,"column":7}},"951":{"start":{"line":1627,"column":8},"end":{"line":1627,"column":28}},"952":{"start":{"line":1628,"column":8},"end":{"line":1628,"column":30}},"953":{"start":{"line":1629,"column":8},"end":{"line":1631,"column":9}},"954":{"start":{"line":1630,"column":10},"end":{"line":1630,"column":50}},"955":{"start":{"line":1632,"column":8},"end":{"line":1632,"column":48}},"956":{"start":{"line":1633,"column":8},"end":{"line":1633,"column":33}},"957":{"start":{"line":1634,"column":8},"end":{"line":1634,"column":30}},"958":{"start":{"line":1635,"column":8},"end":{"line":1635,"column":32}},"959":{"start":{"line":1636,"column":8},"end":{"line":1636,"column":54}},"960":{"start":{"line":1637,"column":8},"end":{"line":1637,"column":98}},"961":{"start":{"line":1638,"column":8},"end":{"line":1638,"column":26}},"962":{"start":{"line":1640,"column":20},"end":{"line":1640,"column":104}},"963":{"start":{"line":1641,"column":8},"end":{"line":1641,"column":79}},"964":{"start":{"line":1642,"column":8},"end":{"line":1642,"column":33}},"965":{"start":{"line":1643,"column":8},"end":{"line":1643,"column":30}},"966":{"start":{"line":1644,"column":8},"end":{"line":1644,"column":32}},"967":{"start":{"line":1646,"column":8},"end":{"line":1646,"column":29}},"968":{"start":{"line":1648,"column":6},"end":{"line":1648,"column":13}},"969":{"start":{"line":1652,"column":4},"end":{"line":1695,"column":5}},"970":{"start":{"line":1653,"column":25},"end":{"line":1653,"column":95}},"971":{"start":{"line":1653,"column":52},"end":{"line":1653,"column":94}},"972":{"start":{"line":1654,"column":6},"end":{"line":1660,"column":7}},"973":{"start":{"line":1655,"column":8},"end":{"line":1655,"column":117}},"974":{"start":{"line":1656,"column":8},"end":{"line":1656,"column":33}},"975":{"start":{"line":1657,"column":8},"end":{"line":1657,"column":30}},"976":{"start":{"line":1658,"column":8},"end":{"line":1658,"column":32}},"977":{"start":{"line":1659,"column":8},"end":{"line":1659,"column":15}},"978":{"start":{"line":1662,"column":23},"end":{"line":1662,"column":36}},"979":{"start":{"line":1663,"column":6},"end":{"line":1693,"column":7}},"980":{"start":{"line":1664,"column":8},"end":{"line":1664,"column":28}},"981":{"start":{"line":1665,"column":8},"end":{"line":1665,"column":28}},"982":{"start":{"line":1666,"column":23},"end":{"line":1666,"column":42}},"983":{"start":{"line":1667,"column":8},"end":{"line":1685,"column":9}},"984":{"start":{"line":1668,"column":24},"end":{"line":1672,"column":11}},"985":{"start":{"line":1673,"column":26},"end":{"line":1673,"column":73}},"986":{"start":{"line":1674,"column":10},"end":{"line":1677,"column":13}},"987":{"start":{"line":1675,"column":25},"end":{"line":1675,"column":89}},"988":{"start":{"line":1675,"column":44},"end":{"line":1675,"column":88}},"989":{"start":{"line":1676,"column":12},"end":{"line":1676,"column":38}},"990":{"start":{"line":1678,"column":10},"end":{"line":1678,"column":175}},"991":{"start":{"line":1680,"column":10},"end":{"line":1680,"column":102}},"992":{"start":{"line":1680,"column":36},"end":{"line":1680,"column":100}},"993":{"start":{"line":1680,"column":55},"end":{"line":1680,"column":99}},"994":{"start":{"line":1681,"column":10},"end":{"line":1683,"column":11}},"995":{"start":{"line":1682,"column":12},"end":{"line":1682,"column":51}},"996":{"start":{"line":1684,"column":10},"end":{"line":1684,"column":156}},"997":{"start":{"line":1687,"column":8},"end":{"line":1687,"column":70}},"998":{"start":{"line":1689,"column":8},"end":{"line":1689,"column":29}},"999":{"start":{"line":1690,"column":8},"end":{"line":1690,"column":33}},"1000":{"start":{"line":1691,"column":8},"end":{"line":1691,"column":30}},"1001":{"start":{"line":1692,"column":8},"end":{"line":1692,"column":32}},"1002":{"start":{"line":1694,"column":6},"end":{"line":1694,"column":13}},"1003":{"start":{"line":1698,"column":4},"end":{"line":1703,"column":5}},"1004":{"start":{"line":1699,"column":6},"end":{"line":1699,"column":93}},"1005":{"start":{"line":1700,"column":6},"end":{"line":1700,"column":28}},"1006":{"start":{"line":1701,"column":6},"end":{"line":1701,"column":30}},"1007":{"start":{"line":1702,"column":6},"end":{"line":1702,"column":13}},"1008":{"start":{"line":1706,"column":4},"end":{"line":1706,"column":28}},"1009":{"start":{"line":1707,"column":4},"end":{"line":1707,"column":26}},"1010":{"start":{"line":1708,"column":4},"end":{"line":1708,"column":29}},"1011":{"start":{"line":1710,"column":4},"end":{"line":1794,"column":5}},"1012":{"start":{"line":1711,"column":6},"end":{"line":1711,"column":26}},"1013":{"start":{"line":1712,"column":26},"end":{"line":1712,"column":60}},"1014":{"start":{"line":1713,"column":18},"end":{"line":1717,"column":7}},"1015":{"start":{"line":1718,"column":6},"end":{"line":1718,"column":38}},"1016":{"start":{"line":1719,"column":6},"end":{"line":1719,"column":55}},"1017":{"start":{"line":1719,"column":31},"end":{"line":1719,"column":53}},"1018":{"start":{"line":1720,"column":6},"end":{"line":1720,"column":52}},"1019":{"start":{"line":1722,"column":6},"end":{"line":1770,"column":7}},"1020":{"start":{"line":1723,"column":8},"end":{"line":1723,"column":32}},"1021":{"start":{"line":1724,"column":8},"end":{"line":1728,"column":10}},"1022":{"start":{"line":1729,"column":13},"end":{"line":1770,"column":7}},"1023":{"start":{"line":1730,"column":25},"end":{"line":1730,"column":35}},"1024":{"start":{"line":1731,"column":31},"end":{"line":1735,"column":16}},"1025":{"start":{"line":1732,"column":30},"end":{"line":1732,"column":39}},"1026":{"start":{"line":1736,"column":8},"end":{"line":1736,"column":39}},"1027":{"start":{"line":1737,"column":8},"end":{"line":1737,"column":71}},"1028":{"start":{"line":1738,"column":8},"end":{"line":1738,"column":110}},"1029":{"start":{"line":1739,"column":13},"end":{"line":1770,"column":7}},"1030":{"start":{"line":1740,"column":21},"end":{"line":1740,"column":42}},"1031":{"start":{"line":1741,"column":8},"end":{"line":1741,"column":34}},"1032":{"start":{"line":1742,"column":8},"end":{"line":1742,"column":60}},"1033":{"start":{"line":1743,"column":8},"end":{"line":1743,"column":105}},"1034":{"start":{"line":1744,"column":13},"end":{"line":1770,"column":7}},"1035":{"start":{"line":1745,"column":25},"end":{"line":1745,"column":86}},"1036":{"start":{"line":1746,"column":8},"end":{"line":1746,"column":32}},"1037":{"start":{"line":1747,"column":8},"end":{"line":1747,"column":65}},"1038":{"start":{"line":1748,"column":8},"end":{"line":1748,"column":98}},"1039":{"start":{"line":1749,"column":13},"end":{"line":1770,"column":7}},"1040":{"start":{"line":1750,"column":28},"end":{"line":1750,"column":41}},"1041":{"start":{"line":1751,"column":34},"end":{"line":1755,"column":16}},"1042":{"start":{"line":1752,"column":33},"end":{"line":1752,"column":42}},"1043":{"start":{"line":1756,"column":8},"end":{"line":1756,"column":45}},"1044":{"start":{"line":1757,"column":8},"end":{"line":1757,"column":74}},"1045":{"start":{"line":1758,"column":8},"end":{"line":1758,"column":133}},"1046":{"start":{"line":1759,"column":13},"end":{"line":1770,"column":7}},"1047":{"start":{"line":1760,"column":8},"end":{"line":1760,"column":31}},"1048":{"start":{"line":1761,"column":8},"end":{"line":1761,"column":62}},"1049":{"start":{"line":1762,"column":8},"end":{"line":1762,"column":110}},"1050":{"start":{"line":1763,"column":13},"end":{"line":1770,"column":7}},"1051":{"start":{"line":1764,"column":8},"end":{"line":1766,"column":9}},"1052":{"start":{"line":1765,"column":10},"end":{"line":1765,"column":43}},"1053":{"start":{"line":1767,"column":8},"end":{"line":1767,"column":117}},"1054":{"start":{"line":1768,"column":13},"end":{"line":1770,"column":7}},"1055":{"start":{"line":1769,"column":8},"end":{"line":1769,"column":132}},"1056":{"start":{"line":1772,"column":6},"end":{"line":1774,"column":7}},"1057":{"start":{"line":1773,"column":8},"end":{"line":1773,"column":35}},"1058":{"start":{"line":1775,"column":6},"end":{"line":1777,"column":7}},"1059":{"start":{"line":1776,"column":8},"end":{"line":1776,"column":33}},"1060":{"start":{"line":1778,"column":6},"end":{"line":1780,"column":7}},"1061":{"start":{"line":1779,"column":8},"end":{"line":1779,"column":32}},"1062":{"start":{"line":1782,"column":6},"end":{"line":1788,"column":7}},"1063":{"start":{"line":1784,"column":8},"end":{"line":1784,"column":29}},"1064":{"start":{"line":1787,"column":8},"end":{"line":1787,"column":29}},"1065":{"start":{"line":1790,"column":18},"end":{"line":1790,"column":91}},"1066":{"start":{"line":1791,"column":6},"end":{"line":1791,"column":38}},"1067":{"start":{"line":1793,"column":6},"end":{"line":1793,"column":27}},"1068":{"start":{"line":1797,"column":26},"end":{"line":1823,"column":3}},"1069":{"start":{"line":1798,"column":4},"end":{"line":1822,"column":5}},"1070":{"start":{"line":1799,"column":31},"end":{"line":1799,"column":86}},"1071":{"start":{"line":1800,"column":6},"end":{"line":1803,"column":7}},"1072":{"start":{"line":1801,"column":8},"end":{"line":1801,"column":88}},"1073":{"start":{"line":1802,"column":8},"end":{"line":1802,"column":15}},"1074":{"start":{"line":1805,"column":21},"end":{"line":1811,"column":8}},"1075":{"start":{"line":1813,"column":6},"end":{"line":1819,"column":7}},"1076":{"start":{"line":1814,"column":22},"end":{"line":1814,"column":38}},"1077":{"start":{"line":1815,"column":8},"end":{"line":1815,"column":28}},"1078":{"start":{"line":1816,"column":8},"end":{"line":1818,"column":9}},"1079":{"start":{"line":1817,"column":10},"end":{"line":1817,"column":39}},"1080":{"start":{"line":1821,"column":6},"end":{"line":1821,"column":52}},"1081":{"start":{"line":1825,"column":20},"end":{"line":1835,"column":3}},"1082":{"start":{"line":1826,"column":4},"end":{"line":1826,"column":24}},"1083":{"start":{"line":1827,"column":4},"end":{"line":1833,"column":7}},"1084":{"start":{"line":1834,"column":4},"end":{"line":1834,"column":25}},"1085":{"start":{"line":1837,"column":2},"end":{"line":1839,"column":9}},"1086":{"start":{"line":1838,"column":4},"end":{"line":1838,"column":22}},"1087":{"start":{"line":1841,"column":2},"end":{"line":1848,"column":17}},"1088":{"start":{"line":1842,"column":4},"end":{"line":1847,"column":5}},"1089":{"start":{"line":1843,"column":6},"end":{"line":1843,"column":25}},"1090":{"start":{"line":1844,"column":6},"end":{"line":1844,"column":22}},"1091":{"start":{"line":1845,"column":6},"end":{"line":1845,"column":22}},"1092":{"start":{"line":1846,"column":6},"end":{"line":1846,"column":26}},"1093":{"start":{"line":1850,"column":2},"end":{"line":1858,"column":39}},"1094":{"start":{"line":1851,"column":4},"end":{"line":1851,
[...]
lumn":43}},"loc":{"start":{"line":293,"column":117},"end":{"line":296,"column":1}},"line":293},"41":{"name":"(anonymous_41)","decl":{"start":{"line":299,"column":29},"end":{"line":299,"column":30}},"loc":{"start":{"line":299,"column":173},"end":{"line":302,"column":1}},"line":299},"42":{"name":"(anonymous_42)","decl":{"start":{"line":304,"column":32},"end":{"line":304,"column":33}},"loc":{"start":{"line":304,"column":44},"end":{"line":307,"column":1}},"line":304},"43":{"name":"(anonymous_43)","decl":{"start":{"line":309,"column":33},"end":{"line":309,"column":34}},"loc":{"start":{"line":309,"column":60},"end":{"line":312,"column":1}},"line":309},"44":{"name":"(anonymous_44)","decl":{"start":{"line":314,"column":31},"end":{"line":314,"column":32}},"loc":{"start":{"line":314,"column":53},"end":{"line":317,"column":1}},"line":314},"45":{"name":"(anonymous_45)","decl":{"start":{"line":319,"column":27},"end":{"line":319,"column":28}},"loc":{"start":{"line":319,"column":65},"end":{"line":322,"column":1}},"line":319},"46":{"name":"(anonymous_46)","decl":{"start":{"line":324,"column":27},"end":{"line":324,"column":28}},"loc":{"start":{"line":324,"column":68},"end":{"line":327,"column":1}},"line":324},"47":{"name":"(anonymous_47)","decl":{"start":{"line":329,"column":29},"end":{"line":329,"column":30}},"loc":{"start":{"line":329,"column":108},"end":{"line":332,"column":1}},"line":329},"48":{"name":"(anonymous_48)","decl":{"start":{"line":334,"column":31},"end":{"line":334,"column":32}},"loc":{"start":{"line":334,"column":43},"end":{"line":337,"column":1}},"line":334},"49":{"name":"(anonymous_49)","decl":{"start":{"line":339,"column":37},"end":{"line":339,"column":38}},"loc":{"start":{"line":339,"column":129},"end":{"line":342,"column":1}},"line":339},"50":{"name":"(anonymous_50)","decl":{"start":{"line":344,"column":34},"end":{"line":344,"column":35}},"loc":{"start":{"line":344,"column":56},"end":{"line":347,"column":1}},"line":344},"51":{"name":"(anonymous_51)","decl":{"start":{"line":349,"column":33},"end":{"line":349,"column":34}},"loc":{"start":{"line":349,"column":55},"end":{"line":352,"column":1}},"line":349},"52":{"name":"(anonymous_52)","decl":{"start":{"line":354,"column":31},"end":{"line":354,"column":32}},"loc":{"start":{"line":354,"column":43},"end":{"line":357,"column":1}},"line":354},"53":{"name":"(anonymous_53)","decl":{"start":{"line":359,"column":32},"end":{"line":359,"column":33}},"loc":{"start":{"line":359,"column":107},"end":{"line":362,"column":1}},"line":359},"54":{"name":"(anonymous_54)","decl":{"start":{"line":365,"column":33},"end":{"line":365,"column":34}},"loc":{"start":{"line":365,"column":63},"end":{"line":368,"column":1}},"line":365},"55":{"name":"(anonymous_55)","decl":{"start":{"line":371,"column":33},"end":{"line":371,"column":34}},"loc":{"start":{"line":371,"column":106},"end":{"line":374,"column":1}},"line":371},"56":{"name":"(anonymous_56)","decl":{"start":{"line":376,"column":38},"end":{"line":376,"column":39}},"loc":{"start":{"line":376,"column":68},"end":{"line":379,"column":1}},"line":376},"57":{"name":"(anonymous_57)","decl":{"start":{"line":381,"column":31},"end":{"line":381,"column":32}},"loc":{"start":{"line":381,"column":53},"end":{"line":384,"column":1}},"line":381},"58":{"name":"(anonymous_58)","decl":{"start":{"line":386,"column":37},"end":{"line":386,"column":38}},"loc":{"start":{"line":386,"column":49},"end":{"line":389,"column":1}},"line":386},"59":{"name":"(anonymous_59)","decl":{"start":{"line":391,"column":38},"end":{"line":391,"column":39}},"loc":{"start":{"line":391,"column":128},"end":{"line":394,"column":1}},"line":391},"60":{"name":"(anonymous_60)","decl":{"start":{"line":396,"column":29},"end":{"line":396,"column":30}},"loc":{"start":{"line":396,"column":41},"end":{"line":399,"column":1}},"line":396},"61":{"name":"(anonymous_61)","decl":{"start":{"line":401,"column":37},"end":{"line":401,"column":38}},"loc":{"start":{"line":401,"column":67},"end":{"line":404,"column":1}},"line":401},"62":{"name":"(anonymous_62)","decl":{"start":{"line":406,"column":30},"end":{"line":406,"column":31}},"loc":{"start":{"line":406,"column":42},"end":{"line":409,"column":1}},"line":406},"63":{"name":"(anonymous_63)","decl":{"start":{"line":411,"column":27},"end":{"line":411,"column":28}},"loc":{"start":{"line":411,"column":39},"end":{"line":414,"column":1}},"line":411},"64":{"name":"(anonymous_64)","decl":{"start":{"line":416,"column":25},"end":{"line":416,"column":26}},"loc":{"start":{"line":416,"column":77},"end":{"line":419,"column":1}},"line":416},"65":{"name":"(anonymous_65)","decl":{"start":{"line":421,"column":26},"end":{"line":421,"column":27}},"loc":{"start":{"line":421,"column":38},"end":{"line":424,"column":1}},"line":421},"66":{"name":"(anonymous_66)","decl":{"start":{"line":426,"column":30},"end":{"line":426,"column":31}},"loc":{"start":{"line":426,"column":42},"end":{"line":429,"column":1}},"line":426},"67":{"name":"(anonymous_67)","decl":{"start":{"line":431,"column":32},"end":{"line":431,"column":33}},"loc":{"start":{"line":431,"column":62},"end":{"line":434,"column":1}},"line":431},"68":{"name":"(anonymous_68)","decl":{"start":{"line":436,"column":21},"end":{"line":436,"column":22}},"loc":{"start":{"line":436,"column":33},"end":{"line":439,"column":1}},"line":436},"69":{"name":"(anonymous_69)","decl":{"start":{"line":442,"column":36},"end":{"line":442,"column":37}},"loc":{"start":{"line":442,"column":82},"end":{"line":445,"column":1}},"line":442},"70":{"name":"(anonymous_70)","decl":{"start":{"line":447,"column":34},"end":{"line":447,"column":35}},"loc":{"start":{"line":447,"column":46},"end":{"line":450,"column":1}},"line":447},"71":{"name":"(anonymous_71)","decl":{"start":{"line":452,"column":39},"end":{"line":452,"column":40}},"loc":{"start":{"line":452,"column":51},"end":{"line":455,"column":1}},"line":452},"72":{"name":"(anonymous_72)","decl":{"start":{"line":457,"column":36},"end":{"line":457,"column":37}},"loc":{"start":{"line":457,"column":90},"end":{"line":460,"column":1}},"line":457},"73":{"name":"(anonymous_73)","decl":{"start":{"line":462,"column":34},"end":{"line":462,"column":35}},"loc":{"start":{"line":462,"column":73},"end":{"line":465,"column":1}},"line":462},"74":{"name":"(anonymous_74)","decl":{"start":{"line":467,"column":32},"end":{"line":467,"column":33}},"loc":{"start":{"line":467,"column":56},"end":{"line":470,"column":1}},"line":467},"75":{"name":"(anonymous_75)","decl":{"start":{"line":472,"column":32},"end":{"line":472,"column":33}},"loc":{"start":{"line":472,"column":68},"end":{"line":475,"column":1}},"line":472},"76":{"name":"(anonymous_76)","decl":{"start":{"line":477,"column":32},"end":{"line":477,"column":33}},"loc":{"start":{"line":477,"column":54},"end":{"line":480,"column":1}},"line":477},"77":{"name":"(anonymous_77)","decl":{"start":{"line":482,"column":45},"end":{"line":482,"column":46}},"loc":{"start":{"line":482,"column":57},"end":{"line":485,"column":1}},"line":482},"78":{"name":"(anonymous_78)","decl":{"start":{"line":487,"column":41},"end":{"line":487,"column":42}},"loc":{"start":{"line":487,"column":131},"end":{"line":490,"column":1}},"line":487},"79":{"name":"(anonymous_79)","decl":{"start":{"line":492,"column":45},"end":{"line":492,"column":46}},"loc":{"start":{"line":492,"column":98},"end":{"line":495,"column":1}},"line":492},"80":{"name":"(anonymous_80)","decl":{"start":{"line":497,"column":33},"end":{"line":497,"column":34}},"loc":{"start":{"line":497,"column":60},"end":{"line":500,"column":1}},"line":497},"81":{"name":"(anonymous_81)","decl":{"start":{"line":502,"column":34},"end":{"line":502,"column":35}},"loc":{"start":{"line":502,"column":132},"end":{"line":505,"column":1}},"line":502},"82":{"name":"(anonymous_82)","decl":{"start":{"line":507,"column":40},"end":{"line":507,"column":41}},"loc":{"start":{"line":507,"column":103},"end":{"line":510,"column":1}},"line":507},"83":{"name":"(anonymous_83)","decl":{"start":{"line":512,"column":42},"end":{"line":512,"column":43}},"loc":{"start":{"line":512,"column":115},"end":{"line":515,"column":1}},"line":512},"84":{"name":"(anonymous_84)","decl":{"start":{"line":517,"column":43},"end":{"line":517,"column":44}},"loc":{"start":{"line":517,"column":55},"end":{"line":520,"column":1}},"line":517},"85":{"name":"(anonymous_85)","decl":{"start":{"line":522,"column":43},"end":{"line":522,"column":44}},"loc":{"start":{"line":522,"column":115},"end":{"line":525,"column":1}},"line":522},"86":{"name":"(anonymous_86)","decl":{"start":{"line":527,"column":40},"end":{"line":527,"column":41}},"loc":{"start":{"line":527,"column":52},"end":{"line":530,"column":1}},"line":527},"87":{"name":"(anonymous_87)","decl":{"start":{"line":532,"column":41},"end":{"line":532,"column":42}},"loc":{"start":{"line":532,"column":126},"end":{"line":535,"column":1}},"line":532},"88":{"name":"(anonymous_88)","decl":{"start":{"line":538,"column":38},"end":{"line":538,"column":39}},"loc":{"start":{"line":538,"column":94},"end":{"line":541,"column":1}},"line":538},"89":{"name":"(anonymous_89)","decl":{"start":{"line":544,"column":43},"end":{"line":544,"column":44}},"loc":{"start":{"line":547,"column":5},"end":{"line":550,"column":1}},"line":547},"90":{"name":"(anonymous_90)","decl":{"start":{"line":553,"column":40},"end":{"line":553,"column":41}},"loc":{"start":{"line":553,"column":67},"end":{"line":556,"column":1}},"line":553},"91":{"name":"(anonymous_91)","decl":{"start":{"line":558,"column":33},"end":{"line":558,"column":34}},"loc":{"start":{"line":558,"column":45},"end":{"line":561,"column":1}},"line":558},"92":{"name":"(anonymous_92)","decl":{"start":{"line":563,"column":35},"end":{"line":563,"column":36}},"loc":{"start":{"line":563,"column":126},"end":{"line":566,"column":1}},"line":563},"93":{"name":"(anonymous_93)","decl":{"start":{"line":568,"column":35},"end":{"line":568,"column":36}},"loc":{"start":{"line":568,"column":57},"end":{"line":571,"column":1}},"line":568},"94":{"name":"(anonymous_94)","decl":{"start":{"line":573,"column":31},"end":{"line":573,"column":32}},"loc":{"start":{"line":573,"column":57},"end":{"line":576,"column":1}},"line":573},"95":{"name":"(anonymous_95)","decl":{"start":{"line":578,"column":31},"end":{"line":578,"column":32}},"loc":{"start":{"line":578,"column":74},"end":{"line":581,"column":1}},"line":578},"96":{"name":"(anonymous_96)","decl":{"start":{"line":584,"column":31},"end":{"line":584,"column":32}},"loc":{"start":{"line":584,"column":43},"end":{"line":587,"column":1}},"line":584},"97":{"name":"(anonymous_97)","decl":{"start":{"line":589,"column":33},"end":{"line":589,"column":34}},"loc":{"start":{"line":589,"column":57},"end":{"line":592,"column":1}},"line":589},"98":{"name":"(anonymous_98)","decl":{"start":{"line":594,"column":29},"end":{"line":594,"column":30}},"loc":{"start":{"line":594,"column":41},"end":{"line":597,"column":1}},"line":594},"99":{"name":"(anonymous_99)","decl":{"start":{"line":599,"column":31},"end":{"line":599,"column":32}},"loc":{"start":{"line":599,"column":133},"end":{"line":602,"column":1}},"line":599},"100":{"name":"(anonymous_100)","decl":{"start":{"line":604,"column":33},"end":{"line":604,"column":34}},"loc":{"start":{"line":604,"column":69},"end":{"line":607,"column":1}},"line":604},"101":{"name":"(anonymous_101)","decl":{"start":{"line":609,"column":31},"end":{"line":609,"column":32}},"loc":{"start":{"line":609,"column":158},"end":{"line":612,"column":1}},"line":609},"102":{"name":"(anonymous_102)","decl":{"start":{"line":614,"column":30},"end":{"line":614,"column":31}},"loc":{"start":{"line":614,"column":70},"end":{"line":617,"column":1}},"line":614},"103":{"name":"(anonymous_103)","decl":{"start":{"line":619,"column":31},"end":{"line":619,"column":32}},"loc":{"start":{"line":619,"column":53},"end":{"line":622,"column":1}},"line":619},"104":{"name":"(anonymous_104)","decl":{"start":{"line":625,"column":37},"end":{"line":625,"column":38}},"loc":{"start":{"line":625,"column":86},"end":{"line":628,"column":1}},"line":625},"105":{"name":"(anonymous_105)","decl":{"start":{"line":630,"column":41},"end":{"line":630,"column":42}},"loc":{"start":{"line":630,"column":53},"end":{"line":633,"column":1}},"line":630}},"branchMap":{"0":{"loc":{"start":{"line":11,"column":9},"end":{"line":11,"column":26}},"type":"binary-expr","locations":[{"start":{"line":11,"column":9},"end":{"line":11,"column":14}},{"start":{"line":11,"column":18},"end":{"line":11,"column":26}}],"line":11},"1":{"loc":{"start":{"line":38,"column":2},"end":{"line":40,"column":3}},"type":"if","locations":[{"start":{"line":38,"column":2},"end":{"line":40,"column":3}},{"start":{},"end":{}}],"line":38},"2":{"loc":{"start":{"line":43,"column":2},"end":{"line":46,"column":3}},"type":"if","locations":[{"start":{"line":43,"column":2},"end":{"line":46,"column":3}},{"start":{},"end":{}}],"line":43},"3":{"loc":{"start":{"line":53,"column":2},"end":{"line":53,"column":52}},"type":"if","locations":[{"start":{"line":53,"column":2},"end":{"line":53,"column":52}},{"start":{},"end":{}}],"line":53},"4":{"loc":{"start":{"line":53,"column":6},"end":{"line":53,"column":39}},"type":"binary-expr","locations":[{"start":{"line":53,"column":6},"end":{"line":53,"column":18}},{"start":{"line":53,"column":22},"end":{"line":53,"column":39}}],"line":53},"5":{"loc":{"start":{"line":54,"column":2},"end":{"line":56,"column":3}},"type":"if","locations":[{"start":{"line":54,"column":2},"end":{"line":56,"column":3}},{"start":{},"end":{}}],"line":54},"6":{"loc":{"start":{"line":57,"column":2},"end":{"line":67,"column":3}},"type":"if","locations":[{"start":{"line":57,"column":2},"end":{"line":67,"column":3}},{"start":{},"end":{}}],"line":57},"7":{"loc":{"start":{"line":60,"column":6},"end":{"line":64,"column":7}},"type":"if","locations":[{"start":{"line":60,"column":6},"end":{"line":64,"column":7}},{"start":{"line":62,"column":13},"end":{"line":64,"column":7}}],"line":60},"8":{"loc":{"start":{"line":60,"column":10},"end":{"line":60,"column":86}},"type":"binary-expr","locations":[{"start":{"line":60,"column":10},"end":{"line":60,"column":28}},{"start":{"line":60,"column":32},"end":{"line":60,"column":60}},{"start":{"line":60,"column":64},"end":{"line":60,"column":86}}],"line":60},"9":{"loc":{"start":{"line":73,"column":4},"end":{"line":75,"column":5}},"type":"if","locations":[{"start":{"line":73,"column":4},"end":{"line":75,"column":5}},{"start":{},"end":{}}],"line":73},"10":{"loc":{"start":{"line":85,"column":2},"end":{"line":87,"column":3}},"type":"if","locations":[{"start":{"line":85,"column":2},"end":{"line":87,"column":3}},{"start":{},"end":{}}],"line":85},"11":{"loc":{"start":{"line":89,"column":2},"end":{"line":91,"column":3}},"type":"if","locations":[{"start":{"line":89,"column":2},"end":{"line":91,"column":3}},{"start":{},"end":{}}],"line":89},"12":{"loc":{"start":{"line":96,"column":2},"end":{"line":98,"column":3}},"type":"if","locations":[{"start":{"line":96,"column":2},"end":{"line":98,"column":3}},{"start":{},"end":{}}],"line":96},"13":{"loc":{"start":{"line":101,"column":23},"end":{"line":101,"column":51}},"type":"binary-expr","locations":[{"start":{"line":101,"column":23},"end":{"line":101,"column":34}},{"start":{"line":101,"column":38},"end":{"line":101,"column":51}}],"line":101},"14":{"loc":{"start":{"line":102,"column":2},"end":{"line":104,"column":3}},"type":"if","locations":[{"start":{"line":102,"column":2},"end":{"line":104,"column":3}},{"start":{},"end":{}}],"line":102},"15":{"loc":{"start":{"line":107,"column":28},"end":{"line":107,"column":108}},"type":"cond-expr","locations":[{"start":{"line":107,"column":55},"end":{"line":107,"column":72}},{"start":{"line":107,"column":75},"end":{"line":107,"column":108}}],"line":107},"16":{"loc":{"start":{"line":146,"column":9},"end":{"line":146,"column":37}},"type":"cond-expr","locations":[{"start":{"line":146,"column":15},"end":{"line":146,"column":30}},{"start":{"line":146,"column":33},"end":{"line":146,"column":37}}],"line":146},"17":{"loc":{"start":{"line":280,"column":43},"end":{"line":280,"column":93}},"type":"cond-expr","locations":[{"start":{"line":280,"column":51},"end":{"line":280,"column":88}},{"start":{"line":280,"column":91},"end":{"line":280,"column":93}}],"line":280}},"s":{"0":1,"1":1,"2":0,"3":0,"4":1,"5":0,"6":0,"7":1,"8":0,"9":1,"10":1,"11":0,"12":0,"13":0,"14":0,"15":0,"16":0,"17":0,"18":0,"19":0,"20":1,"21":0,"22":0,"23":0,"24":0,"25":0,"26":0,"27":0,"28":0,"29":0,"30":0,"31":0,"32":0,"33":1,"34":0,"35":0,"36":0,"37":0,"38":1,"39":0,"40":0,"41":0,"42":0,"43":0,"44":0,"45":0,"46":0,"47":0,"48":0,"49":0,"50":0,"51":1,"52":0,"53":0,"54":0,"55":0,"56":0,"57":0,"58":0,"59":0,"60":1,"61":0,"62":0,"63":1,"64":0,"65":0,"66":1,"67":0,"68":0,"69":1,"70":0,"71":1,"72":0,"73":0,"74":1,"75":0,"76":0,"77":1,"78":0,"79":0,"80":1,"81":0,"82":0,"83":1,"84":0,"85":0,"86":1,"87":0,"88":0,"89":1,"90":0,"91":0,"92":1,"93":0,"94":0,"95":1,"96":0,"97":0,"98":1,"99":0,"100":0,"101":1,"102":0,"103":0,"104":1,"105":0,"106":0,"107":1,"108":0,"109":0,"110":1,"111":0,"112":0,"113":1,"114":0,"115":0,"116":1,"117":0,"118":0,"119":1,"120":0,"121":0,"122":1,"123":0,"124":0,"125":1,"126":0,"127":0,"128":1,"129":0,"130":0,"131":1,"132":0,"133":0,"134":1,"135":0,"136":0,"137":1,"138":0,"139":0,"140":1,"141":0,"142":0,"143":1,"144":0,"145":0,"146":0,"147":1,"148":0,"149":0,"150":1,"151":0,"152":0,"153":1,"154":0,"155":0,"156":1,"157":0,"158":0,"159":1,"160":0,"161":0,"162":1,"163":0,"164":0,"165":1,"166":0,"167":0,"168":1,"169":0,"170":0,"171":1,"172":0,"173":0,"174":1,"175":0,"176":0,"177":1,"178":0,"179":0,"180":1,"181":0,"182":0,"183":1,"184":0,"185":0,"186":1,"187":0,"188":0,"189":1,"190":0,"191":0,"192":1,"193":0,"194":0,"195":1,"196":0,"197":0,"198":1,"199":0,"200":0,"201":1,"202":0,"203":0,"204":1,"205":0,"206":0,"207":1,"208":0,"209":0,"210":1,"211":0,"212":0,"213":1,"214":0,"215":0,"216":1,"217":0,"218":0,"219":1,"220":0,"221":0,"222":1,"223":0,"224":0,"225":1,"226":0,"227":0,"228":1,"229":0,"230":0,"231":1,"232":0,"233":0,"234":1,"235":0,"236":0,"237":1,"238":0,"239":0,"240":1,"241":0,"242":0,"243":1,"244":0,"245":0,"246":1,"247":0,"248":0,"249":1,"250":0,"251":0,"252":1,"253":0,"254":0,"255":1,"256":0,"257":0,"258":1,"259":0,"260":0,"261":1,"262":0,"263":0,"264":1,"265":0,"266":0,"267":1,"268":0,"269":0,"270":1,"271":0,"272":0,"273":1,"274":0,"275":0,"276":1,"277":0,"278":0,"279":1,"280":0,"281":0,"282":1,"283":0,"284":0,"285":1,"286":0,"287":0,"288":1,"289":0,"290":0,"291":1,"292":0,"293":0,"294":1,"295":0,"296":0,"297":1,"298":0,"299":0,"300":1,"301":0,"302":0,"303":1,"304":0,"305":0,"306":1,"307":0,"308":0,"309":1,"310":0,"311":0,"312":1,"313":0,"314":0,"315":1,"316":0,"317":0,"318":1,"319":0,"320":0,"321":1,"322":0,"323":0,"324":1,"325":0,"326":0,"327":1,"328":0,"329":0,"330":1,"331":0,"332":0,"333":1,"334":0,"335":0,"336":1,"337":0,"338":0,"339":1,"340":0,"341":0,"342":1,"343":0,"344":0,"345":1,"346":0,"347":0,"348":1,"349":0,"350":0},"f":{"0":0,"1":0,"2":0,"3":0,"4":0,"5":0,"6":0,"7":0,"8":0,"9":0,"10":0,"11":0,"12":0,"13":0,"14":0,"15":0,"16":0,"17":0,"18":0,"19":0,"20":0,"21":0,"22":0,"23":0,"24":0,"25":0,"26":0,"27":0,"28":0,"29":0,"30":0,"31":0,"32":0,"33":0,"34":0,"35":0,"36":0,"37":0,"38":0,"39":0,"40":0,"41":0,"42":0,"43":0,"44":0,"45":0,"46":0,"47":0,"48":0,"49":0,"50":0,"51":0,"52":0,"53":0,"54":0,"55":0,"56":0,"57":0,"58":0,"59":0,"60":0,"61":0,"62":0,"63":0,"64":0,"65":0,"66":0,"67":0,"68":0,"69":0,"70":0,"71":0,"72":0,"73":0,"74":0,"75":0,"76":0,"77":0,"78":0,"79":0,"80":0,"81":0,"82":0,"83":0,"84":0,"85":0,"86":0,"87":0,"88":0,"89":0,"90":0,"91":0,"92":0,"93":0,"94":0,"95":0,"96":0,"97":0,"98":0,"99":0,"100":0,"101":0,"102":0,"103":0,"104":0,"105":0},"b":{"0":[0,0],"1":[0,0],"2":[0,0],"3":[0,0],"4":[0,0],"5":[0,0],"6":[0,0],"7":[0,0],"8":[0,0,0],"9":[0,0],"10":[0,0],"11":[0,0],"12":[0,0],"13":[0,0],"14":[0,0],"15":[0,0],"16":[0,0],"17":[0,0]},"_coverageSchema":"1a1c01bbd47fc00a2c39e90264f33305004495a9","hash":"5a53ff6feccf9f4bc12d95612f78694cd40b8868"}
}
