TN:
SF:config.ts
FNF:0
FNH:0
DA:15,1
DA:25,1
LF:2
LH:2
BRDA:15,0,0,1
BRDA:15,0,1,1
BRF:2
BRH:2
end_of_record
TN:
SF:hooks/usePlayerState.ts
FN:45,(anonymous_0)
FN:111,usePlayerState
FN:188,(anonymous_2)
FN:190,(anonymous_3)
FN:200,(anonymous_4)
FN:201,(anonymous_5)
FN:202,(anonymous_6)
FN:213,(anonymous_7)
FN:232,(anonymous_8)
FN:252,(anonymous_9)
FN:263,(anonymous_10)
FN:287,(anonymous_11)
FN:330,(anonymous_12)
FN:336,(anonymous_13)
FN:338,(anonymous_14)
FN:342,(anonymous_15)
FN:343,(anonymous_16)
FN:347,(anonymous_17)
FN:357,(anonymous_18)
FN:358,(anonymous_19)
FN:363,(anonymous_20)
FN:373,(anonymous_21)
FN:393,(anonymous_22)
FN:424,(anonymous_23)
FN:468,(anonymous_24)
FN:487,(anonymous_25)
FN:496,(anonymous_26)
FN:515,(anonymous_27)
FN:521,(anonymous_28)
FN:524,(anonymous_29)
FN:551,(anonymous_30)
FN:556,(anonymous_31)
FN:563,(anonymous_32)
FN:564,(anonymous_33)
FN:588,(anonymous_34)
FN:602,(anonymous_35)
FN:685,(anonymous_36)
FN:704,(anonymous_37)
FN:753,(anonymous_38)
FN:754,(anonymous_39)
FN:761,(anonymous_40)
FN:763,(anonymous_41)
FN:770,(anonymous_42)
FN:786,(anonymous_43)
FN:804,(anonymous_44)
FN:813,(anonymous_45)
FN:827,(anonymous_46)
FN:833,(anonymous_47)
FN:845,(anonymous_48)
FN:849,(anonymous_49)
FN:861,(anonymous_50)
FN:875,(anonymous_51)
FN:943,(anonymous_52)
FN:966,(anonymous_53)
FN:978,(anonymous_54)
FN:994,(anonymous_55)
FN:1010,(anonymous_56)
FN:1026,(anonymous_57)
FN:1038,(anonymous_58)
FN:1070,(anonymous_59)
FN:1085,(anonymous_60)
FN:1101,(anonymous_61)
FN:1107,(anonymous_62)
FN:1116,(anonymous_63)
FN:1131,(anonymous_64)
FN:1173,(anonymous_65)
FN:1174,(anonymous_66)
FN:1208,(anonymous_67)
FN:1228,(anonymous_68)
FN:1271,(anonymous_69)
FN:1294,(anonymous_70)
FN:1303,(anonymous_71)
FN:1324,(anonymous_72)
FN:1361,(anonymous_73)
FN:1371,(anonymous_74)
FN:1383,(anonymous_75)
FN:1419,(anonymous_76)
FN:1425,(anonymous_77)
FN:1435,(anonymous_78)
FN:1456,(anonymous_79)
FN:1457,(anonymous_80)
FN:1463,(anonymous_81)
FN:1463,(anonymous_82)
FN:1501,(anonymous_83)
FN:1509,(anonymous_84)
FN:1532,(anonymous_85)
FN:1549,(anonymous_86)
FN:1563,(anonymous_87)
FN:1576,(anonymous_88)
FN:1598,(anonymous_89)
FN:1653,(anonymous_90)
FN:1674,(anonymous_91)
FN:1675,(anonymous_92)
FN:1680,(anonymous_93)
FN:1680,(anonymous_94)
FN:1719,(anonymous_95)
FN:1732,(anonymous_96)
FN:1752,(anonymous_97)
FN:1797,(anonymous_98)
FN:1825,(anonymous_99)
FN:1837,(anonymous_100)
FN:1841,(anonymous_101)
FN:1850,(anonymous_102)
FN:1853,(anonymous_103)
FN:1857,(anonymous_104)
FN:1861,(anonymous_105)
FN:1879,(anonymous_106)
FN:1884,(anonymous_107)
FN:1905,(anonymous_108)
FN:1917,(anonymous_109)
FNF:110
FNH:1
FNDA:25,(anonymous_0)
FNDA:0,usePlayerState
FNDA:0,(anonymous_2)
FNDA:0,(anonymous_3)
FNDA:0,(anonymous_4)
FNDA:0,(anonymous_5)
FNDA:0,(anonymous_6)
FNDA:0,(anonymous_7)
FNDA:0,(anonymous_8)
FNDA:0,(anonymous_9)
FNDA:0,(anonymous_10)
FNDA:0,(anonymous_11)
FNDA:0,(anonymous_12)
FNDA:0,(anonymous_13)
FNDA:0,(anonymous_14)
FNDA:0,(anonymous_15)
FNDA:0,(anonymous_16)
FNDA:0,(anonymous_17)
FNDA:0,(anonymous_18)
FNDA:0,(anonymous_19)
FNDA:0,(anonymous_20)
FNDA:0,(anonymous_21)
FNDA:0,(anonymous_22)
FNDA:0,(anonymous_23)
FNDA:0,(anonymous_24)
FNDA:0,(anonymous_25)
FNDA:0,(anonymous_26)
FNDA:0,(anonymous_27)
FNDA:0,(anonymous_28)
FNDA:0,(anonymous_29)
FNDA:0,(anonymous_30)
FNDA:0,(anonymous_31)
FNDA:0,(anonymous_32)
FNDA:0,(anonymous_33)
FNDA:0,(anonymous_34)
FNDA:0,(anonymous_35)
FNDA:0,(anonymous_36)
FNDA:0,(anonymous_37)
FNDA:0,(anonymous_38)
FNDA:0,(anonymous_39)
FNDA:0,(anonymous_40)
FNDA:0,(anonymous_41)
FNDA:0,(anonymous_42)
FNDA:0,(anonymous_43)
FNDA:0,(anonymous_44)
FNDA:0,(anonymous_45)
FNDA:0,(anonymous_46)
FNDA:0,(anonymous_47)
FNDA:0,(anonymous_48)
FNDA:0,(anonymous_49)
FNDA:0,(anonymous_50)
FNDA:0,(anonymous_51)
FNDA:0,(anonymous_52)
FNDA:0,(anonymous_53)
FNDA:0,(anonymous_54)
FNDA:0,(anonymous_55)
FNDA:0,(anonymous_56)
FNDA:0,(anonymous_57)
FNDA:0,(anonymous_58)
FNDA:0,(anonymous_59)
FNDA:0,(anonymous_60)
FNDA:0,(anonymous_61)
FNDA:0,(anonymous_62)
FNDA:0,(anonymous_63)
FNDA:0,(anonymous_64)
FNDA:0,(anonymous_65)
FNDA:0,(anonymous_66)
FNDA:0,(anonymous_67)
FNDA:0,(anonymous_68)
FNDA:0,(anonymous_69)
FNDA:0,(anonymous_70)
FNDA:0,(anonymous_71)
FNDA:0,(anonymous_72)
FNDA:0,(anonymous_73)
FNDA:0,(anonymous_74)
FNDA:0,(anonymous_75)
FNDA:0,(anonymous_76)
FNDA:0,(anonymous_77)
FNDA:0,(anonymous_78)
FNDA:0,(anonymous_79)
FNDA:0,(anonymous_80)
FNDA:0,(anonymous_81)
FNDA:0,(anonymous_82)
FNDA:0,(anonymous_83)
FNDA:0,(anonymous_84)
FNDA:0,(anonymous_85)
FNDA:0,(anonymous_86)
FNDA:0,(anonymous_87)
FNDA:0,(anonymous_88)
FNDA:0,(anonymous_89)
FNDA:0,(anonymous_90)
FNDA:0,(anonymous_91)
FNDA:0,(anonymous_92)
FNDA:0,(anonymous_93)
FNDA:0,(anonymous_94)
FNDA:0,(anonymous_95)
FNDA:0,(anonymous_96)
FNDA:0,(anonymous_97)
FNDA:0,(anonymous_98)
FNDA:0,(anonymous_99)
FNDA:0,(anonymous_100)
FNDA:0,(anonymous_101)
FNDA:0,(anonymous_102)
FNDA:0,(anonymous_103)
FNDA:0,(anonymous_104)
FNDA:0,(anonymous_105)
FNDA:0,(anonymous_106)
FNDA:0,(anonymous_107)
FNDA:0,(anonymous_108)
FNDA:0,(anonymous_109)
DA:45,1
DA:46,25
DA:47,3
DA:55,22
DA:56,4
DA:57,4
DA:58,4
DA:66,18
DA:67,4
DA:68,4
DA:69,4
DA:77,14
DA:78,4
DA:79,4
DA:80,4
DA:88,10
DA:89,4
DA:90,4
DA:91,4
DA:100,6
DA:101,6
DA:102,6
DA:112,0
DA:113,0
DA:115,0
DA:116,0
DA:117,0
DA:118,0
DA:121,0
DA:122,0
DA:123,0
DA:126,0
DA:127,0
DA:128,0
DA:129,0
DA:130,0
DA:131,0
DA:132,0
DA:133,0
DA:134,0
DA:135,0
DA:136,0
DA:137,0
DA:138,0
DA:141,0
DA:142,0
DA:143,0
DA:144,0
DA:145,0
DA:146,0
DA:147,0
DA:148,0
DA:149,0
DA:150,0
DA:151,0
DA:152,0
DA:153,0
DA:155,0
DA:156,0
DA:159,0
DA:160,0
DA:163,0
DA:164,0
DA:165,0
DA:166,0
DA:169,0
DA:170,0
DA:171,0
DA:177,0
DA:180,0
DA:181,0
DA:182,0
DA:183,0
DA:185,0
DA:188,0
DA:189,0
DA:190,0
DA:191,0
DA:197,0
DA:198,0
DA:200,0
DA:201,0
DA:202,0
DA:203,0
DA:204,0
DA:205,0
DA:206,0
DA:208,0
DA:213,0
DA:214,0
DA:215,0
DA:216,0
DA:217,0
DA:218,0
DA:220,0
DA:221,0
DA:222,0
DA:223,0
DA:224,0
DA:226,0
DA:228,0
DA:232,0
DA:233,0
DA:234,0
DA:235,0
DA:236,0
DA:237,0
DA:238,0
DA:239,0
DA:240,0
DA:241,0
DA:242,0
DA:243,0
DA:245,0
DA:248,0
DA:252,0
DA:253,0
DA:254,0
DA:255,0
DA:256,0
DA:258,0
DA:263,0
DA:264,0
DA:265,0
DA:267,0
DA:268,0
DA:269,0
DA:270,0
DA:272,0
DA:273,0
DA:274,0
DA:275,0
DA:276,0
DA:277,0
DA:278,0
DA:279,0
DA:280,0
DA:281,0
DA:282,0
DA:283,0
DA:286,0
DA:287,0
DA:288,0
DA:290,0
DA:293,0
DA:296,0
DA:297,0
DA:303,0
DA:306,0
DA:307,0
DA:308,0
DA:311,0
DA:312,0
DA:313,0
DA:314,0
DA:317,0
DA:318,0
DA:319,0
DA:322,0
DA:323,0
DA:324,0
DA:325,0
DA:326,0
DA:327,0
DA:330,0
DA:331,0
DA:332,0
DA:336,0
DA:337,0
DA:338,0
DA:342,0
DA:343,0
DA:344,0
DA:345,0
DA:346,0
DA:347,0
DA:348,0
DA:350,0
DA:354,0
DA:357,0
DA:358,0
DA:359,0
DA:360,0
DA:361,0
DA:362,0
DA:363,0
DA:364,0
DA:366,0
DA:370,0
DA:373,0
DA:374,0
DA:375,0
DA:380,0
DA:381,0
DA:382,0
DA:385,0
DA:386,0
DA:387,0
DA:388,0
DA:389,0
DA:390,0
DA:392,0
DA:400,0
DA:401,0
DA:403,0
DA:404,0
DA:405,0
DA:406,0
DA:407,0
DA:408,0
DA:410,0
DA:412,0
DA:418,0
DA:419,0
DA:420,0
DA:421,0
DA:422,0
DA:424,0
DA:425,0
DA:426,0
DA:427,0
DA:428,0
DA:429,0
DA:431,0
DA:435,0
DA:436,0
DA:437,0
DA:438,0
DA:439,0
DA:441,0
DA:446,0
DA:447,0
DA:448,0
DA:449,0
DA:450,0
DA:452,0
DA:458,0
DA:459,0
DA:460,0
DA:461,0
DA:468,0
DA:469,0
DA:470,0
DA:471,0
DA:472,0
DA:482,0
DA:483,0
DA:484,0
DA:485,0
DA:487,0
DA:488,0
DA:489,0
DA:490,0
DA:492,0
DA:496,0
DA:497,0
DA:498,0
DA:499,0
DA:500,0
DA:501,0
DA:506,0
DA:507,0
DA:509,0
DA:511,0
DA:515,0
DA:516,0
DA:517,0
DA:518,0
DA:521,0
DA:522,0
DA:523,0
DA:524,0
DA:525,0
DA:526,0
DA:527,0
DA:529,0
DA:530,0
DA:532,0
DA:533,0
DA:534,0
DA:536,0
DA:537,0
DA:538,0
DA:540,0
DA:541,0
DA:545,0
DA:546,0
DA:548,0
DA:551,0
DA:552,0
DA:556,0
DA:557,0
DA:558,0
DA:559,0
DA:560,0
DA:562,0
DA:563,0
DA:564,0
DA:565,0
DA:567,0
DA:568,0
DA:572,0
DA:574,0
DA:575,0
DA:579,0
DA:582,0
DA:583,0
DA:587,0
DA:588,0
DA:589,0
DA:590,0
DA:591,0
DA:598,0
DA:602,0
DA:603,0
DA:671,0
DA:672,0
DA:673,0
DA:674,0
DA:677,0
DA:679,0
DA:681,0
DA:685,0
DA:686,0
DA:687,0
DA:688,0
DA:689,0
DA:690,0
DA:691,0
DA:695,0
DA:696,0
DA:698,0
DA:700,0
DA:704,0
DA:705,0
DA:706,0
DA:707,0
DA:708,0
DA:709,0
DA:710,0
DA:711,0
DA:712,0
DA:716,0
DA:717,0
DA:718,0
DA:719,0
DA:720,0
DA:721,0
DA:722,0
DA:724,0
DA:726,0
DA:727,0
DA:731,0
DA:732,0
DA:733,0
DA:734,0
DA:752,0
DA:753,0
DA:754,0
DA:755,0
DA:756,0
DA:760,0
DA:761,0
DA:762,0
DA:763,0
DA:764,0
DA:767,0
DA:768,0
DA:770,0
DA:776,0
DA:780,0
DA:782,0
DA:786,0
DA:787,0
DA:788,0
DA:789,0
DA:790,0
DA:791,0
DA:797,0
DA:798,0
DA:800,0
DA:804,0
DA:805,0
DA:806,0
DA:809,0
DA:814,0
DA:815,0
DA:816,0
DA:817,0
DA:819,0
DA:820,0
DA:830,0
DA:833,0
DA:834,0
DA:835,0
DA:836,0
DA:837,0
DA:839,0
DA:840,0
DA:841,0
DA:842,0
DA:843,0
DA:845,0
DA:846,0
DA:849,0
DA:850,0
DA:851,0
DA:852,0
DA:853,0
DA:855,0
DA:857,0
DA:861,0
DA:862,0
DA:863,0
DA:864,0
DA:865,0
DA:866,0
DA:867,0
DA:871,0
DA:875,0
DA:876,0
DA:877,0
DA:878,0
DA:879,0
DA:880,0
DA:881,0
DA:882,0
DA:883,0
DA:884,0
DA:885,0
DA:886,0
DA:889,0
DA:890,0
DA:891,0
DA:892,0
DA:893,0
DA:894,0
DA:895,0
DA:897,0
DA:898,0
DA:900,0
DA:903,0
DA:904,0
DA:906,0
DA:907,0
DA:908,0
DA:909,0
DA:910,0
DA:911,0
DA:912,0
DA:913,0
DA:914,0
DA:916,0
DA:917,0
DA:918,0
DA:919,0
DA:920,0
DA:921,0
DA:923,0
DA:924,0
DA:927,0
DA:928,0
DA:930,0
DA:933,0
DA:934,0
DA:936,0
DA:943,0
DA:944,0
DA:945,0
DA:946,0
DA:948,0
DA:949,0
DA:950,0
DA:951,0
DA:952,0
DA:954,0
DA:955,0
DA:956,0
DA:957,0
DA:962,0
DA:966,0
DA:967,0
DA:968,0
DA:969,0
DA:970,0
DA:972,0
DA:974,0
DA:978,0
DA:979,0
DA:980,0
DA:981,0
DA:982,0
DA:983,0
DA:984,0
DA:985,0
DA:988,0
DA:990,0
DA:994,0
DA:995,0
DA:996,0
DA:997,0
DA:998,0
DA:999,0
DA:1000,0
DA:1001,0
DA:1003,0
DA:1004,0
DA:1006,0
DA:1010,0
DA:1011,0
DA:1012,0
DA:1013,0
DA:1015,0
DA:1016,0
DA:1017,0
DA:1018,0
DA:1019,0
DA:1020,0
DA:1021,0
DA:1022,0
DA:1023,0
DA:1025,0
DA:1026,0
DA:1027,0
DA:1029,0
DA:1030,0
DA:1039,0
DA:1040,0
DA:1041,0
DA:1042,0
DA:1043,0
DA:1044,0
DA:1045,0
DA:1046,0
DA:1047,0
DA:1049,0
DA:1050,0
DA:1052,0
DA:1063,0
DA:1066,0
DA:1070,0
DA:1071,0
DA:1072,0
DA:1073,0
DA:1074,0
DA:1075,0
DA:1076,0
DA:1077,0
DA:1079,0
DA:1081,0
DA:1085,0
DA:1086,0
DA:1087,0
DA:1088,0
DA:1089,0
DA:1090,0
DA:1091,0
DA:1092,0
DA:1093,0
DA:1095,0
DA:1097,0
DA:1101,0
DA:1102,0
DA:1103,0
DA:1104,0
DA:1106,0
DA:1107,0
DA:1112,0
DA:1113,0
DA:1116,0
DA:1117,0
DA:1118,0
DA:1119,0
DA:1120,0
DA:1121,0
DA:1122,0
DA:1124,0
DA:1125,0
DA:1127,0
DA:1131,0
DA:1132,0
DA:1133,0
DA:1134,0
DA:1137,0
DA:1138,0
DA:1139,0
DA:1146,0
DA:1147,0
DA:1148,0
DA:1149,0
DA:1150,0
DA:1151,0
DA:1152,0
DA:1153,0
DA:1154,0
DA:1155,0
DA:1156,0
DA:1159,0
DA:1160,0
DA:1161,0
DA:1162,0
DA:1164,0
DA:1165,0
DA:1167,0
DA:1168,0
DA:1171,0
DA:1172,0
DA:1173,0
DA:1174,0
DA:1175,0
DA:1178,0
DA:1180,0
DA:1182,0
DA:1183,0
DA:1186,0
DA:1188,0
DA:1189,0
DA:1190,0
DA:1195,0
DA:1196,0
DA:1199,0
DA:1201,0
DA:1202,0
DA:1204,0
DA:1208,0
DA:1209,0
DA:1210,0
DA:1211,0
DA:1212,0
DA:1213,0
DA:1218,0
DA:1219,0
DA:1221,0
DA:1222,0
DA:1224,0
DA:1228,0
DA:1229,0
DA:1230,0
DA:1231,0
DA:1232,0
DA:1235,0
DA:1236,0
DA:1237,0
DA:1238,0
DA:1244,0
DA:1245,0
DA:1246,0
DA:1247,0
DA:1248,0
DA:1249,0
DA:1250,0
DA:1251,0
DA:1252,0
DA:1253,0
DA:1254,0
DA:1255,0
DA:1256,0
DA:1257,0
DA:1260,0
DA:1261,0
DA:1262,0
DA:1267,0
DA:1269,0
DA:1270,0
DA:1271,0
DA:1272,0
DA:1274,0
DA:1275,0
DA:1277,0
DA:1278,0
DA:1283,0
DA:1284,0
DA:1287,0
DA:1288,0
DA:1290,0
DA:1291,0
DA:1294,0
DA:1295,0
DA:1296,0
DA:1297,0
DA:1298,0
DA:1299,0
DA:1300,0
DA:1303,0
DA:1304,0
DA:1305,0
DA:1306,0
DA:1307,0
DA:1308,0
DA:1309,0
DA:1310,0
DA:1311,0
DA:1312,0
DA:1313,0
DA:1314,0
DA:1315,0
DA:1316,0
DA:1317,0
DA:1318,0
DA:1320,0
DA:1321,0
DA:1324,0
DA:1325,0
DA:1326,0
DA:1327,0
DA:1328,0
DA:1329,0
DA:1332,0
DA:1333,0
DA:1334,0
DA:1335,0
DA:1336,0
DA:1337,0
DA:1338,0
DA:1339,0
DA:1340,0
DA:1341,0
DA:1342,0
DA:1343,0
DA:1344,0
DA:1348,0
DA:1349,0
DA:1350,0
DA:1351,0
DA:1352,0
DA:1354,0
DA:1355,0
DA:1358,0
DA:1361,0
DA:1362,0
DA:1363,0
DA:1364,0
DA:1365,0
DA:1366,0
DA:1367,0
DA:1369,0
DA:1370,0
DA:1371,0
DA:1372,0
DA:1374,0
DA:1376,0
DA:1377,0
DA:1379,0
DA:1383,0
DA:1384,0
DA:1399,0
DA:1400,0
DA:1401,0
DA:1404,0
DA:1405,0
DA:1406,0
DA:1407,0
DA:1408,0
DA:1409,0
DA:1413,0
DA:1414,0
DA:1415,0
DA:1416,0
DA:1419,0
DA:1420,0
DA:1421,0
DA:1422,0
DA:1425,0
DA:1426,0
DA:1427,0
DA:1428,0
DA:1429,0
DA:1431,0
DA:1434,0
DA:1435,0
DA:1436,0
DA:1437,0
DA:1438,0
DA:1439,0
DA:1440,0
DA:1443,0
DA:1444,0
DA:1446,0
DA:1447,0
DA:1449,0
DA:1450,0
DA:1455,0
DA:1456,0
DA:1457,0
DA:1458,0
DA:1460,0
DA:1461,0
DA:1463,0
DA:1464,0
DA:1465,0
DA:1466,0
DA:1467,0
DA:1468,0
DA:1470,0
DA:1471,0
DA:1473,0
DA:1474,0
DA:1478,0
DA:1489,0
DA:1490,0
DA:1491,0
DA:1493,0
DA:1494,0
DA:1495,0
DA:1498,0
DA:1499,0
DA:1500,0
DA:1501,0
DA:1502,0
DA:1506,0
DA:1507,0
DA:1508,0
DA:1509,0
DA:1510,0
DA:1513,0
DA:1515,0
DA:1516,0
DA:1518,0
DA:1519,0
DA:1523,0
DA:1524,0
DA:1525,0
DA:1526,0
DA:1527,0
DA:1529,0
DA:1530,0
DA:1531,0
DA:1532,0
DA:1533,0
DA:1536,0
DA:1537,0
DA:1540,0
DA:1541,0
DA:1542,0
DA:1543,0
DA:1545,0
DA:1549,0
DA:1550,0
DA:1552,0
DA:1553,0
DA:1554,0
DA:1555,0
DA:1556,0
DA:1560,0
DA:1561,0
DA:1562,0
DA:1563,0
DA:1564,0
DA:1565,0
DA:1566,0
DA:1567,0
DA:1568,0
DA:1569,0
DA:1573,0
DA:1574,0
DA:1575,0
DA:1576,0
DA:1577,0
DA:1578,0
DA:1579,0
DA:1580,0
DA:1581,0
DA:1582,0
DA:1586,0
DA:1587,0
DA:1588,0
DA:1589,0
DA:1590,0
DA:1591,0
DA:1592,0
DA:1594,0
DA:1595,0
DA:1596,0
DA:1597,0
DA:1598,0
DA:1599,0
DA:1600,0
DA:1601,0
DA:1602,0
DA:1603,0
DA:1606,0
DA:1607,0
DA:1609,0
DA:1611,0
DA:1612,0
DA:1613,0
DA:1614,0
DA:1615,0
DA:1617,0
DA:1619,0
DA:1625,0
DA:1626,0
DA:1627,0
DA:1628,0
DA:1629,0
DA:1630,0
DA:1632,0
DA:1633,0
DA:1634,0
DA:1635,0
DA:1636,0
DA:1637,0
DA:1638,0
DA:1640,0
DA:1641,0
DA:1642,0
DA:1643,0
DA:1644,0
DA:1646,0
DA:1648,0
DA:1652,0
DA:1653,0
DA:1654,0
DA:1655,0
DA:1656,0
DA:1657,0
DA:1658,0
DA:1659,0
DA:1662,0
DA:1663,0
DA:1664,0
DA:1665,0
DA:1666,0
DA:1667,0
DA:1668,0
DA:1673,0
DA:1674,0
DA:1675,0
DA:1676,0
DA:1678,0
DA:1680,0
DA:1681,0
DA:1682,0
DA:1684,0
DA:1687,0
DA:1689,0
DA:1690,0
DA:1691,0
DA:1692,0
DA:1694,0
DA:1698,0
DA:1699,0
DA:1700,0
DA:1701,0
DA:1702,0
DA:1706,0
DA:1707,0
DA:1708,0
DA:1710,0
DA:1711,0
DA:1712,0
DA:1713,0
DA:1718,0
DA:1719,0
DA:1720,0
DA:1722,0
DA:1723,0
DA:1724,0
DA:1729,0
DA:1730,0
DA:1731,0
DA:1732,0
DA:1736,0
DA:1737,0
DA:1738,0
DA:1739,0
DA:1740,0
DA:1741,0
DA:1742,0
DA:1743,0
DA:1744,0
DA:1745,0
DA:1746,0
DA:1747,0
DA:1748,0
DA:1749,0
DA:1750,0
DA:1751,0
DA:1752,0
DA:1756,0
DA:1757,0
DA:1758,0
DA:1759,0
DA:1760,0
DA:1761,0
DA:1762,0
DA:1763,0
DA:1764,0
DA:1765,0
DA:1767,0
DA:1768,0
DA:1769,0
DA:1772,0
DA:1773,0
DA:1775,0
DA:1776,0
DA:1778,0
DA:1779,0
DA:1782,0
DA:1784,0
DA:1787,0
DA:1790,0
DA:1791,0
DA:1793,0
DA:1797,0
DA:1798,0
DA:1799,0
DA:1800,0
DA:1801,0
DA:1802,0
DA:1805,0
DA:1813,0
DA:1814,0
DA:1815,0
DA:1816,0
DA:1817,0
DA:1821,0
DA:1825,0
DA:1826,0
DA:1827,0
DA:1834,0
DA:1837,0
DA:1838,0
DA:1841,0
DA:1842,0
DA:1843,0
DA:1844,0
DA:1845,0
DA:1846,0
DA:1850,0
DA:1851,0
DA:1853,0
DA:1854,0
DA:1857,0
DA:1860,0
DA:1861,0
DA:1862,0
DA:1863,0
DA:1864,0
DA:1865,0
DA:1867,0
DA:1868,0
DA:1869,0
DA:1870,0
DA:1875,0
DA:1879,0
DA:1880,0
DA:1881,0
DA:1884,0
DA:1885,0
DA:1886,0
DA:1887,0
DA:1888,0
DA:1889,0
DA:1890,0
DA:1898,0
DA:1899,0
DA:1901,0
DA:1905,0
DA:1906,0
DA:1907,0
DA:1908,0
DA:1909,0
DA:1910,0
DA:1912,0
DA:1913,0
DA:1917,0
DA:1918,0
DA:1919,0
DA:1920,0
DA:1921,0
DA:1923,0
DA:1924,0
DA:1925,0
DA:1926,0
DA:1927,0
DA:1928,0
DA:1929,0
DA:1931,0
DA:1932,0
DA:1934,0
DA:1937,0
DA:1938,0
DA:1939,0
DA:1941,0
DA:1942,0
DA:1943,0
DA:1944,0
DA:1945,0
DA:1947,0
DA:1948,0
DA:1950,0
DA:1951,0
DA:1953,0
DA:1957,0
LF:1095
LH:22
BRDA:46,0,0,3
BRDA:46,0,1,22
BRDA:55,1,0,4
BRDA:55,1,1,18
BRDA:66,2,0,4
BRDA:66,2,1,14
BRDA:77,3,0,4
BRDA:77,3,1,10
BRDA:88,4,0,4
BRDA:88,4,1,6
BRDA:189,5,0,0
BRDA:189,5,1,0
BRDA:189,6,0,0
BRDA:189,6,1,0
BRDA:203,7,0,0
BRDA:203,7,1,0
BRDA:214,8,0,0
BRDA:214,8,1,0
BRDA:218,9,0,0
BRDA:218,9,1,0
BRDA:220,10,0,0
BRDA:220,10,1,0
BRDA:221,11,0,0
BRDA:221,11,1,0
BRDA:222,12,0,0
BRDA:222,12,1,0
BRDA:223,13,0,0
BRDA:223,13,1,0
BRDA:224,14,0,0
BRDA:224,14,1,0
BRDA:233,15,0,0
BRDA:233,15,1,0
BRDA:237,16,0,0
BRDA:237,16,1,0
BRDA:239,17,0,0
BRDA:239,17,1,0
BRDA:240,18,0,0
BRDA:240,18,1,0
BRDA:241,19,0,0
BRDA:241,19,1,0
BRDA:242,20,0,0
BRDA:242,20,1,0
BRDA:243,21,0,0
BRDA:243,21,1,0
BRDA:253,22,0,0
BRDA:253,22,1,0
BRDA:267,23,0,0
BRDA:267,23,1,0
BRDA:272,24,0,0
BRDA:272,24,1,0
BRDA:274,25,0,0
BRDA:274,25,1,0
BRDA:276,26,0,0
BRDA:276,26,1,0
BRDA:278,27,0,0
BRDA:278,27,1,0
BRDA:280,28,0,0
BRDA:280,28,1,0
BRDA:282,29,0,0
BRDA:282,29,1,0
BRDA:286,30,0,0
BRDA:286,30,1,0
BRDA:297,31,0,0
BRDA:297,31,1,0
BRDA:331,32,0,0
BRDA:331,32,1,0
BRDA:331,33,0,0
BRDA:331,33,1,0
BRDA:337,34,0,0
BRDA:337,34,1,0
BRDA:337,35,0,0
BRDA:337,35,1,0
BRDA:337,35,2,0
BRDA:344,36,0,0
BRDA:344,36,1,0
BRDA:344,37,0,0
BRDA:344,37,1,0
BRDA:359,38,0,0
BRDA:359,38,1,0
BRDA:359,39,0,0
BRDA:359,39,1,0
BRDA:362,40,0,0
BRDA:362,40,1,0
BRDA:374,41,0,0
BRDA:374,41,1,0
BRDA:374,42,0,0
BRDA:374,42,1,0
BRDA:396,43,0,0
BRDA:400,44,0,0
BRDA:400,44,1,0
BRDA:400,45,0,0
BRDA:400,45,1,0
BRDA:407,46,0,0
BRDA:407,46,1,0
BRDA:425,47,0,0
BRDA:425,47,1,0
BRDA:435,48,0,0
BRDA:435,48,1,0
BRDA:446,49,0,0
BRDA:446,49,1,0
BRDA:458,50,0,0
BRDA:458,50,1,0
BRDA:469,51,0,0
BRDA:469,51,1,0
BRDA:497,52,0,0
BRDA:497,52,1,0
BRDA:497,53,0,0
BRDA:497,53,1,0
BRDA:523,54,0,0
BRDA:523,54,1,0
BRDA:523,55,0,0
BRDA:523,55,1,0
BRDA:529,56,0,0
BRDA:529,56,1,0
BRDA:537,57,0,0
BRDA:537,57,1,0
BRDA:552,58,0,0
BRDA:552,58,1,0
BRDA:560,59,0,0
BRDA:560,59,1,0
BRDA:562,60,0,0
BRDA:562,60,1,0
BRDA:567,61,0,0
BRDA:567,61,1,0
BRDA:574,62,0,0
BRDA:574,62,1,0
BRDA:582,63,0,0
BRDA:582,63,1,0
BRDA:587,64,0,0
BRDA:587,64,1,0
BRDA:589,65,0,0
BRDA:589,65,1,0
BRDA:602,66,0,0
BRDA:602,66,1,0
BRDA:602,67,0,0
BRDA:602,67,1,0
BRDA:602,67,2,0
BRDA:602,67,3,0
BRDA:602,67,4,0
BRDA:602,67,5,0
BRDA:673,68,0,0
BRDA:673,68,1,0
BRDA:689,69,0,0
BRDA:689,69,1,0
BRDA:690,70,0,0
BRDA:690,70,1,0
BRDA:692,71,0,0
BRDA:692,71,1,0
BRDA:695,72,0,0
BRDA:695,72,1,0
BRDA:696,73,0,0
BRDA:696,73,1,0
BRDA:707,74,0,0
BRDA:707,74,1,0
BRDA:711,75,0,0
BRDA:711,75,1,0
BRDA:717,76,0,0
BRDA:717,76,1,0
BRDA:721,77,0,0
BRDA:721,77,1,0
BRDA:726,78,0,0
BRDA:726,78,1,0
BRDA:733,79,0,0
BRDA:733,79,1,0
BRDA:733,80,0,0
BRDA:733,80,1,0
BRDA:733,80,2,0
BRDA:733,80,3,0
BRDA:755,81,0,0
BRDA:755,81,1,0
BRDA:760,82,0,0
BRDA:760,82,1,0
BRDA:767,83,0,0
BRDA:767,83,1,0
BRDA:798,84,0,0
BRDA:798,84,1,0
BRDA:819,85,0,0
BRDA:819,85,1,0
BRDA:819,85,2,0
BRDA:864,86,0,0
BRDA:864,86,1,0
BRDA:864,87,0,0
BRDA:864,87,1,0
BRDA:866,88,0,0
BRDA:866,88,1,0
BRDA:866,89,0,0
BRDA:866,89,1,0
BRDA:878,90,0,0
BRDA:878,90,1,0
BRDA:889,91,0,0
BRDA:889,91,1,0
BRDA:890,92,0,0
BRDA:890,92,1,0
BRDA:890,92,2,0
BRDA:891,93,0,0
BRDA:891,93,1,0
BRDA:891,93,2,0
BRDA:891,93,3,0
BRDA:892,94,0,0
BRDA:892,94,1,0
BRDA:893,95,0,0
BRDA:893,95,1,0
BRDA:894,96,0,0
BRDA:894,96,1,0
BRDA:895,97,0,0
BRDA:895,97,1,0
BRDA:895,97,2,0
BRDA:897,98,0,0
BRDA:897,98,1,0
BRDA:903,99,0,0
BRDA:903,99,1,0
BRDA:904,100,0,0
BRDA:904,100,1,0
BRDA:906,101,0,0
BRDA:906,101,1,0
BRDA:907,102,0,0
BRDA:907,102,1,0
BRDA:908,103,0,0
BRDA:908,103,1,0
BRDA:909,104,0,0
BRDA:909,104,1,0
BRDA:910,105,0,0
BRDA:910,105,1,0
BRDA:911,106,0,0
BRDA:911,106,1,0
BRDA:912,107,0,0
BRDA:912,107,1,0
BRDA:913,108,0,0
BRDA:913,108,1,0
BRDA:916,109,0,0
BRDA:916,109,1,0
BRDA:917,110,0,0
BRDA:917,110,1,0
BRDA:918,111,0,0
BRDA:918,111,1,0
BRDA:919,112,0,0
BRDA:919,112,1,0
BRDA:920,113,0,0
BRDA:920,113,1,0
BRDA:921,114,0,0
BRDA:921,114,1,0
BRDA:921,115,0,0
BRDA:921,115,1,0
BRDA:923,116,0,0
BRDA:923,116,1,0
BRDA:927,117,0,0
BRDA:927,117,1,0
BRDA:946,118,0,0
BRDA:946,118,1,0
BRDA:948,119,0,0
BRDA:948,119,1,0
BRDA:948,119,2,0
BRDA:949,120,0,0
BRDA:949,120,1,0
BRDA:950,121,0,0
BRDA:950,121,1,0
BRDA:951,122,0,0
BRDA:951,122,1,0
BRDA:952,123,0,0
BRDA:952,123,1,0
BRDA:952,123,2,0
BRDA:954,124,0,0
BRDA:954,124,1,0
BRDA:955,125,0,0
BRDA:955,125,1,0
BRDA:956,126,0,0
BRDA:956,126,1,0
BRDA:957,127,0,0
BRDA:957,127,1,0
BRDA:983,128,0,0
BRDA:983,128,1,0
BRDA:983,129,0,0
BRDA:983,129,1,0
BRDA:985,130,0,0
BRDA:985,130,1,0
BRDA:999,131,0,0
BRDA:999,131,1,0
BRDA:1003,132,0,0
BRDA:1003,132,1,0
BRDA:1003,132,2,0
BRDA:1011,133,0,0
BRDA:1011,133,1,0
BRDA:1020,134,0,0
BRDA:1020,134,1,0
BRDA:1025,135,0,0
BRDA:1025,135,1,0
BRDA:1025,135,2,0
BRDA:1027,136,0,0
BRDA:1027,136,1,0
BRDA:1029,137,0,0
BRDA:1029,137,1,0
BRDA:1029,138,0,0
BRDA:1029,138,1,0
BRDA:1044,139,0,0
BRDA:1044,139,1,0
BRDA:1049,140,0,0
BRDA:1049,140,1,0
BRDA:1049,140,2,0
BRDA:1086,141,0,0
BRDA:1086,141,1,0
BRDA:1086,142,0,0
BRDA:1086,142,1,0
BRDA:1086,142,2,0
BRDA:1093,143,0,0
BRDA:1093,143,1,0
BRDA:1102,144,0,0
BRDA:1102,144,1,0
BRDA:1107,145,0,0
BRDA:1107,145,1,0
BRDA:1120,146,0,0
BRDA:1120,146,1,0
BRDA:1124,147,0,0
BRDA:1124,147,1,0
BRDA:1124,147,2,0
BRDA:1132,148,0,0
BRDA:1132,148,1,0
BRDA:1142,149,0,0
BRDA:1142,149,1,0
BRDA:1143,150,0,0
BRDA:1143,150,1,0
BRDA:1155,151,0,0
BRDA:1155,151,1,0
BRDA:1159,152,0,0
BRDA:1159,152,1,0
BRDA:1159,153,0,0
BRDA:1159,153,1,0
BRDA:1160,154,0,0
BRDA:1160,154,1,0
BRDA:1161,155,0,0
BRDA:1161,155,1,0
BRDA:1164,156,0,0
BRDA:1164,156,1,0
BRDA:1165,157,0,0
BRDA:1165,157,1,0
BRDA:1167,158,0,0
BRDA:1167,158,1,0
BRDA:1171,159,0,0
BRDA:1171,159,1,0
BRDA:1183,160,0,0
BRDA:1183,160,1,0
BRDA:1189,161,0,0
BRDA:1189,161,1,0
BRDA:1201,162,0,0
BRDA:1201,162,1,0
BRDA:1201,162,2,0
BRDA:1221,163,0,0
BRDA:1221,163,1,0
BRDA:1221,163,2,0
BRDA:1229,164,0,0
BRDA:1229,164,1,0
BRDA:1229,165,0,0
BRDA:1229,165,1,0
BRDA:1230,166,0,0
BRDA:1230,166,1,0
BRDA:1230,167,0,0
BRDA:1230,167,1,0
BRDA:1241,168,0,0
BRDA:1241,168,1,0
BRDA:1256,169,0,0
BRDA:1256,169,1,0
BRDA:1260,170,0,0
BRDA:1260,170,1,0
BRDA:1260,171,0,0
BRDA:1260,171,1,0
BRDA:1261,172,0,0
BRDA:1261,172,1,0
BRDA:1269,173,0,0
BRDA:1269,173,1,0
BRDA:1287,174,0,0
BRDA:1287,174,1,0
BRDA:1287,174,2,0
BRDA:1296,175,0,0
BRDA:1296,175,1,0
BRDA:1297,176,0,0
BRDA:1297,176,1,0
BRDA:1298,177,0,0
BRDA:1298,177,1,0
BRDA:1299,178,0,0
BRDA:1299,178,1,0
BRDA:1311,179,0,0
BRDA:1311,179,1,0
BRDA:1312,180,0,0
BRDA:1312,180,1,0
BRDA:1318,181,0,0
BRDA:1318,181,1,0
BRDA:1327,182,0,0
BRDA:1327,182,1,0
BRDA:1327,183,0,0
BRDA:1327,183,1,0
BRDA:1329,184,0,0
BRDA:1329,184,1,0
BRDA:1329,185,0,0
BRDA:1329,185,1,0
BRDA:1331,186,0,0
BRDA:1331,186,1,0
BRDA:1333,187,0,0
BRDA:1333,187,1,0
BRDA:1334,188,0,0
BRDA:1334,188,1,0
BRDA:1335,189,0,0
BRDA:1335,189,1,0
BRDA:1341,190,0,0
BRDA:1341,190,1,0
BRDA:1342,191,0,0
BRDA:1342,191,1,0
BRDA:1343,192,0,0
BRDA:1343,192,1,0
BRDA:1344,193,0,0
BRDA:1344,193,1,0
BRDA:1344,193,2,0
BRDA:1354,194,0,0
BRDA:1354,194,1,0
BRDA:1365,195,0,0
BRDA:1365,195,1,0
BRDA:1369,196,0,0
BRDA:1369,196,1,0
BRDA:1376,197,0,0
BRDA:1376,197,1,0
BRDA:1376,197,2,0
BRDA:1399,198,0,0
BRDA:1399,198,1,0
BRDA:1404,199,0,0
BRDA:1404,199,1,0
BRDA:1404,200,0,0
BRDA:1404,200,1,0
BRDA:1426,201,0,0
BRDA:1426,201,1,0
BRDA:1434,202,0,0
BRDA:1434,202,1,0
BRDA:1436,203,0,0
BRDA:1436,203,1,0
BRDA:1449,204,0,0
BRDA:1449,204,1,0
BRDA:1457,205,0,0
BRDA:1457,205,1,0
BRDA:1460,206,0,0
BRDA:1460,206,1,0
BRDA:1463,207,0,0
BRDA:1463,207,1,0
BRDA:1464,208,0,0
BRDA:1464,208,1,0
BRDA:1470,209,0,0
BRDA:1470,209,1,0
BRDA:1489,210,0,0
BRDA:1489,210,1,0
BRDA:1495,211,0,0
BRDA:1495,211,1,0
BRDA:1498,212,0,0
BRDA:1498,212,1,0
BRDA:1498,213,0,0
BRDA:1498,213,1,0
BRDA:1506,214,0,0
BRDA:1506,214,1,0
BRDA:1506,215,0,0
BRDA:1506,215,1,0
BRDA:1513,216,0,0
BRDA:1513,216,1,0
BRDA:1515,217,0,0
BRDA:1515,217,1,0
BRDA:1515,218,0,0
BRDA:1515,218,1,0
BRDA:1515,218,2,0
BRDA:1527,219,0,0
BRDA:1527,219,1,0
BRDA:1529,220,0,0
BRDA:1529,220,1,0
BRDA:1542,221,0,0
BRDA:1542,221,1,0
BRDA:1542,221,2,0
BRDA:1550,222,0,0
BRDA:1550,222,1,0
BRDA:1552,223,0,0
BRDA:1552,223,1,0
BRDA:1560,224,0,0
BRDA:1560,224,1,0
BRDA:1560,225,0,0
BRDA:1560,225,1,0
BRDA:1567,226,0,0
BRDA:1567,226,1,0
BRDA:1573,227,0,0
BRDA:1573,227,1,0
BRDA:1580,228,0,0
BRDA:1580,228,1,0
BRDA:1586,229,0,0
BRDA:1586,229,1,0
BRDA:1587,230,0,0
BRDA:1587,230,1,0
BRDA:1602,231,0,0
BRDA:1602,231,1,0
BRDA:1611,232,0,0
BRDA:1611,232,1,0
BRDA:1611,232,2,0
BRDA:1625,233,0,0
BRDA:1625,233,1,0
BRDA:1629,234,0,0
BRDA:1629,234,1,0
BRDA:1636,235,0,0
BRDA:1636,235,1,0
BRDA:1640,236,0,0
BRDA:1640,236,1,0
BRDA:1640,236,2,0
BRDA:1652,237,0,0
BRDA:1652,237,1,0
BRDA:1653,238,0,0
BRDA:1653,238,1,0
BRDA:1654,239,0,0
BRDA:1654,239,1,0
BRDA:1667,240,0,0
BRDA:1667,240,1,0
BRDA:1675,241,0,0
BRDA:1675,241,1,0
BRDA:1680,242,0,0
BRDA:1680,242,1,0
BRDA:1681,243,0,0
BRDA:1681,243,1,0
BRDA:1698,244,0,0
BRDA:1698,244,1,0
BRDA:1716,245,0,0
BRDA:1716,245,1,0
BRDA:1720,246,0,0
BRDA:1720,246,1,0
BRDA:1722,247,0,0
BRDA:1722,247,1,0
BRDA:1729,248,0,0
BRDA:1729,248,1,0
BRDA:1731,249,0,0
BRDA:1731,249,1,0
BRDA:1733,250,0,0
BRDA:1733,250,1,0
BRDA:1739,251,0,0
BRDA:1739,251,1,0
BRDA:1740,252,0,0
BRDA:1740,252,1,0
BRDA:1744,253,0,0
BRDA:1744,253,1,0
BRDA:1745,254,0,0
BRDA:1745,254,1,0
BRDA:1745,255,0,0
BRDA:1745,255,1,0
BRDA:1749,256,0,0
BRDA:1749,256,1,0
BRDA:1751,257,0,0
BRDA:1751,257,1,0
BRDA:1753,258,0,0
BRDA:1753,258,1,0
BRDA:1759,259,0,0
BRDA:1759,259,1,0
BRDA:1762,260,0,0
BRDA:1762,260,1,0
BRDA:1763,261,0,0
BRDA:1763,261,1,0
BRDA:1764,262,0,0
BRDA:1764,262,1,0
BRDA:1764,263,0,0
BRDA:1764,263,1,0
BRDA:1767,264,0,0
BRDA:1767,264,1,0
BRDA:1768,265,0,0
BRDA:1768,265,1,0
BRDA:1769,266,0,0
BRDA:1769,266,1,0
BRDA:1772,267,0,0
BRDA:1772,267,1,0
BRDA:1775,268,0,0
BRDA:1775,268,1,0
BRDA:1778,269,0,0
BRDA:1778,269,1,0
BRDA:1782,270,0,0
BRDA:1782,270,1,0
BRDA:1790,271,0,0
BRDA:1790,271,1,0
BRDA:1790,271,2,0
BRDA:1800,272,0,0
BRDA:1800,272,1,0
BRDA:1813,273,0,0
BRDA:1813,273,1,0
BRDA:1813,274,0,0
BRDA:1813,274,1,0
BRDA:1813,274,2,0
BRDA:1816,275,0,0
BRDA:1816,275,1,0
BRDA:1842,276,0,0
BRDA:1842,276,1,0
BRDA:1851,277,0,0
BRDA:1851,277,1,0
BRDA:1862,278,0,0
BRDA:1862,278,1,0
BRDA:1863,279,0,0
BRDA:1863,279,1,0
BRDA:1863,280,0,0
BRDA:1863,280,1,0
BRDA:1892,281,0,0
BRDA:1892,281,1,0
BRDA:1898,282,0,0
BRDA:1898,282,1,0
BRDA:1898,282,2,0
BRDA:1912,283,0,0
BRDA:1912,283,1,0
BRDA:1912,283,2,0
BRDA:1923,284,0,0
BRDA:1923,284,1,0
BRDA:1924,285,0,0
BRDA:1924,285,1,0
BRDA:1925,286,0,0
BRDA:1925,286,1,0
BRDA:1925,286,2,0
BRDA:1926,287,0,0
BRDA:1926,287,1,0
BRDA:1927,288,0,0
BRDA:1927,288,1,0
BRDA:1929,289,0,0
BRDA:1929,289,1,0
BRDA:1931,290,0,0
BRDA:1931,290,1,0
BRDA:1937,291,0,0
BRDA:1937,291,1,0
BRDA:1938,292,0,0
BRDA:1938,292,1,0
BRDA:1939,293,0,0
BRDA:1939,293,1,0
BRDA:1945,294,0,0
BRDA:1945,294,1,0
BRDA:1950,295,0,0
BRDA:1950,295,1,0
BRDA:1950,295,2,0
BRF:625
BRH:10
end_of_record
TN:
SF:hooks/useSolenSounds.ts
FN:8,(anonymous_0)
FN:30,useSolenSounds
FN:48,(anonymous_2)
FN:52,(anonymous_3)
FN:56,(anonymous_4)
FN:81,(anonymous_5)
FN:94,(anonymous_6)
FN:106,(anonymous_7)
FN:123,(anonymous_8)
FN:136,(anonymous_9)
FN:141,(anonymous_10)
FN:146,(anonymous_11)
FN:152,(anonymous_12)
FN:158,(anonymous_13)
FN:167,(anonymous_14)
FN:173,(anonymous_15)
FN:178,(anonymous_16)
FN:183,(anonymous_17)
FN:192,(anonymous_18)
FN:212,(anonymous_19)
FN:228,(anonymous_20)
FN:241,(anonymous_21)
FNF:22
FNH:1
FNDA:1,(anonymous_0)
FNDA:0,useSolenSounds
FNDA:0,(anonymous_2)
FNDA:0,(anonymous_3)
FNDA:0,(anonymous_4)
FNDA:0,(anonymous_5)
FNDA:0,(anonymous_6)
FNDA:0,(anonymous_7)
FNDA:0,(anonymous_8)
FNDA:0,(anonymous_9)
FNDA:0,(anonymous_10)
FNDA:0,(anonymous_11)
FNDA:0,(anonymous_12)
FNDA:0,(anonymous_13)
FNDA:0,(anonymous_14)
FNDA:0,(anonymous_15)
FNDA:0,(anonymous_16)
FNDA:0,(anonymous_17)
FNDA:0,(anonymous_18)
FNDA:0,(anonymous_19)
FNDA:0,(anonymous_20)
FNDA:0,(anonymous_21)
DA:5,1
DA:8,1
DA:9,1
DA:10,0
DA:31,0
DA:32,0
DA:33,0
DA:34,0
DA:35,0
DA:36,0
DA:37,0
DA:38,0
DA:39,0
DA:40,0
DA:41,0
DA:42,0
DA:43,0
DA:45,0
DA:48,0
DA:49,0
DA:52,0
DA:53,0
DA:56,0
DA:57,0
DA:58,0
DA:59,0
DA:61,0
DA:63,0
DA:64,0
DA:65,0
DA:66,0
DA:67,0
DA:69,0
DA:70,0
DA:71,0
DA:72,0
DA:75,0
DA:81,0
DA:86,0
DA:87,0
DA:88,0
DA:89,0
DA:90,0
DA:92,0
DA:93,0
DA:94,0
DA:95,0
DA:96,0
DA:97,0
DA:101,0
DA:106,0
DA:107,0
DA:108,0
DA:109,0
DA:110,0
DA:112,0
DA:116,0
DA:118,0
DA:123,0
DA:124,0
DA:125,0
DA:126,0
DA:127,0
DA:128,0
DA:131,0
DA:135,0
DA:136,0
DA:140,0
DA:141,0
DA:145,0
DA:146,0
DA:151,0
DA:152,0
DA:157,0
DA:158,0
DA:166,0
DA:167,0
DA:172,0
DA:173,0
DA:177,0
DA:178,0
DA:182,0
DA:183,0
DA:192,0
DA:193,0
DA:195,0
DA:196,0
DA:197,0
DA:199,0
DA:200,0
DA:201,0
DA:203,0
DA:205,0
DA:209,0
DA:212,0
DA:213,0
DA:214,0
DA:215,0
DA:219,0
DA:228,0
DA:229,0
DA:232,0
DA:233,0
DA:234,0
DA:237,0
DA:238,0
DA:239,0
DA:241,0
DA:242,0
DA:243,0
DA:244,0
DA:245,0
DA:249,0
DA:250,0
DA:251,0
DA:252,0
DA:253,0
DA:254,0
DA:255,0
DA:256,0
DA:263,0
LF:121
LH:3
BRDA:9,0,0,0
BRDA:9,0,1,1
BRDA:61,1,0,0
BRDA:61,1,1,0
BRDA:64,2,0,0
BRDA:64,2,1,0
BRDA:69,3,0,0
BRDA:69,3,1,0
BRDA:84,4,0,0
BRDA:86,5,0,0
BRDA:86,5,1,0
BRDA:88,6,0,0
BRDA:88,6,1,0
BRDA:95,7,0,0
BRDA:95,7,1,0
BRDA:95,8,0,0
BRDA:95,8,1,0
BRDA:108,9,0,0
BRDA:108,9,1,0
BRDA:125,10,0,0
BRDA:125,10,1,0
BRDA:192,11,0,0
BRDA:195,12,0,0
BRDA:195,12,1,0
BRDA:199,13,0,0
BRDA:199,13,1,0
BRDA:213,14,0,0
BRDA:213,14,1,0
BRDA:213,15,0,0
BRDA:213,15,1,0
BRDA:228,16,0,0
BRDA:229,17,0,0
BRDA:229,17,1,0
BRDA:232,18,0,0
BRDA:232,18,1,0
BRDA:244,19,0,0
BRDA:244,19,1,0
BRDA:249,20,0,0
BRDA:249,20,1,0
BRDA:253,21,0,0
BRDA:253,21,1,0
BRF:41
BRH:1
end_of_record
TN:
SF:services/api.ts
FN:9,(anonymous_0)
FN:15,(anonymous_1)
FN:21,(anonymous_2)
FN:32,(anonymous_3)
FN:52,(anonymous_4)
FN:72,(anonymous_5)
FN:78,(anonymous_6)
FN:84,(anonymous_7)
FN:110,(anonymous_8)
FN:123,(anonymous_9)
FN:128,(anonymous_10)
FN:133,(anonymous_11)
FN:139,(anonymous_12)
FN:144,(anonymous_13)
FN:150,(anonymous_14)
FN:158,(anonymous_15)
FN:163,(anonymous_16)
FN:168,(anonymous_17)
FN:173,(anonymous_18)
FN:178,(anonymous_19)
FN:183,(anonymous_20)
FN:188,(anonymous_21)
FN:193,(anonymous_22)
FN:198,(anonymous_23)
FN:203,(anonymous_24)
FN:208,(anonymous_25)
FN:213,(anonymous_26)
FN:218,(anonymous_27)
FN:223,(anonymous_28)
FN:228,(anonymous_29)
FN:233,(anonymous_30)
FN:238,(anonymous_31)
FN:250,(anonymous_32)
FN:255,(anonymous_33)
FN:262,(anonymous_34)
FN:267,(anonymous_35)
FN:272,(anonymous_36)
FN:277,(anonymous_37)
FN:283,(anonymous_38)
FN:288,(anonymous_39)
FN:293,(anonymous_40)
FN:299,(anonymous_41)
FN:304,(anonymous_42)
FN:309,(anonymous_43)
FN:314,(anonymous_44)
FN:319,(anonymous_45)
FN:324,(anonymous_46)
FN:329,(anonymous_47)
FN:334,(anonymous_48)
FN:339,(anonymous_49)
FN:344,(anonymous_50)
FN:349,(anonymous_51)
FN:354,(anonymous_52)
FN:359,(anonymous_53)
FN:365,(anonymous_54)
FN:371,(anonymous_55)
FN:376,(anonymous_56)
FN:381,(anonymous_57)
FN:386,(anonymous_58)
FN:391,(anonymous_59)
FN:396,(anonymous_60)
FN:401,(anonymous_61)
FN:406,(anonymous_62)
FN:411,(anonymous_63)
FN:416,(anonymous_64)
FN:421,(anonymous_65)
FN:426,(anonymous_66)
FN:431,(anonymous_67)
FN:436,(anonymous_68)
FN:442,(anonymous_69)
FN:447,(anonymous_70)
FN:452,(anonymous_71)
FN:457,(anonymous_72)
FN:462,(anonymous_73)
FN:467,(anonymous_74)
FN:472,(anonymous_75)
FN:477,(anonymous_76)
FN:482,(anonymous_77)
FN:487,(anonymous_78)
FN:492,(anonymous_79)
FN:497,(anonymous_80)
FN:502,(anonymous_81)
FN:507,(anonymous_82)
FN:512,(anonymous_83)
FN:517,(anonymous_84)
FN:522,(anonymous_85)
FN:527,(anonymous_86)
FN:532,(anonymous_87)
FN:538,(anonymous_88)
FN:544,(anonymous_89)
FN:553,(anonymous_90)
FN:558,(anonymous_91)
FN:563,(anonymous_92)
FN:568,(anonymous_93)
FN:573,(anonymous_94)
FN:578,(anonymous_95)
FN:584,(anonymous_96)
FN:589,(anonymous_97)
FN:594,(anonymous_98)
FN:599,(anonymous_99)
FN:604,(anonymous_100)
FN:609,(anonymous_101)
FN:614,(anonymous_102)
FN:619,(anonymous_103)
FN:625,(anonymous_104)
FN:630,(anonymous_105)
FNF:106
FNH:0
FNDA:0,(anonymous_0)
FNDA:0,(anonymous_1)
FNDA:0,(anonymous_2)
FNDA:0,(anonymous_3)
FNDA:0,(anonymous_4)
FNDA:0,(anonymous_5)
FNDA:0,(anonymous_6)
FNDA:0,(anonymous_7)
FNDA:0,(anonymous_8)
FNDA:0,(anonymous_9)
FNDA:0,(anonymous_10)
FNDA:0,(anonymous_11)
FNDA:0,(anonymous_12)
FNDA:0,(anonymous_13)
FNDA:0,(anonymous_14)
FNDA:0,(anonymous_15)
FNDA:0,(anonymous_16)
FNDA:0,(anonymous_17)
FNDA:0,(anonymous_18)
FNDA:0,(anonymous_19)
FNDA:0,(anonymous_20)
FNDA:0,(anonymous_21)
FNDA:0,(anonymous_22)
FNDA:0,(anonymous_23)
FNDA:0,(anonymous_24)
FNDA:0,(anonymous_25)
FNDA:0,(anonymous_26)
FNDA:0,(anonymous_27)
FNDA:0,(anonymous_28)
FNDA:0,(anonymous_29)
FNDA:0,(anonymous_30)
FNDA:0,(anonymous_31)
FNDA:0,(anonymous_32)
FNDA:0,(anonymous_33)
FNDA:0,(anonymous_34)
FNDA:0,(anonymous_35)
FNDA:0,(anonymous_36)
FNDA:0,(anonymous_37)
FNDA:0,(anonymous_38)
FNDA:0,(anonymous_39)
FNDA:0,(anonymous_40)
FNDA:0,(anonymous_41)
FNDA:0,(anonymous_42)
FNDA:0,(anonymous_43)
FNDA:0,(anonymous_44)
FNDA:0,(anonymous_45)
FNDA:0,(anonymous_46)
FNDA:0,(anonymous_47)
FNDA:0,(anonymous_48)
FNDA:0,(anonymous_49)
FNDA:0,(anonymous_50)
FNDA:0,(anonymous_51)
FNDA:0,(anonymous_52)
FNDA:0,(anonymous_53)
FNDA:0,(anonymous_54)
FNDA:0,(anonymous_55)
FNDA:0,(anonymous_56)
FNDA:0,(anonymous_57)
FNDA:0,(anonymous_58)
FNDA:0,(anonymous_59)
FNDA:0,(anonymous_60)
FNDA:0,(anonymous_61)
FNDA:0,(anonymous_62)
FNDA:0,(anonymous_63)
FNDA:0,(anonymous_64)
FNDA:0,(anonymous_65)
FNDA:0,(anonymous_66)
FNDA:0,(anonymous_67)
FNDA:0,(anonymous_68)
FNDA:0,(anonymous_69)
FNDA:0,(anonymous_70)
FNDA:0,(anonymous_71)
FNDA:0,(anonymous_72)
FNDA:0,(anonymous_73)
FNDA:0,(anonymous_74)
FNDA:0,(anonymous_75)
FNDA:0,(anonymous_76)
FNDA:0,(anonymous_77)
FNDA:0,(anonymous_78)
FNDA:0,(anonymous_79)
FNDA:0,(anonymous_80)
FNDA:0,(anonymous_81)
FNDA:0,(anonymous_82)
FNDA:0,(anonymous_83)
FNDA:0,(anonymous_84)
FNDA:0,(anonymous_85)
FNDA:0,(anonymous_86)
FNDA:0,(anonymous_87)
FNDA:0,(anonymous_88)
FNDA:0,(anonymous_89)
FNDA:0,(anonymous_90)
FNDA:0,(anonymous_91)
FNDA:0,(anonymous_92)
FNDA:0,(anonymous_93)
FNDA:0,(anonymous_94)
FNDA:0,(anonymous_95)
FNDA:0,(anonymous_96)
FNDA:0,(anonymous_97)
FNDA:0,(anonymous_98)
FNDA:0,(anonymous_99)
FNDA:0,(anonymous_100)
FNDA:0,(anonymous_101)
FNDA:0,(anonymous_102)
FNDA:0,(anonymous_103)
FNDA:0,(anonymous_104)
FNDA:0,(anonymous_105)
DA:6,1
DA:9,1
DA:10,0
DA:11,0
DA:15,1
DA:16,0
DA:17,0
DA:21,1
DA:22,0
DA:25,1
DA:32,1
DA:34,0
DA:35,0
DA:37,0
DA:38,0
DA:39,0
DA:43,0
DA:44,0
DA:45,0
DA:48,0
DA:52,1
DA:53,0
DA:54,0
DA:55,0
DA:57,0
DA:58,0
DA:59,0
DA:60,0
DA:61,0
DA:63,0
DA:66,0
DA:68,0
DA:71,1
DA:73,0
DA:74,0
DA:76,0
DA:79,0
DA:84,1
DA:85,0
DA:86,0
DA:89,0
DA:90,0
DA:93,0
DA:94,0
DA:96,0
DA:97,0
DA:101,0
DA:102,0
DA:103,0
DA:107,0
DA:110,1
DA:111,0
DA:112,0
DA:113,0
DA:114,0
DA:115,0
DA:116,0
DA:118,0
DA:119,0
DA:123,1
DA:124,0
DA:125,0
DA:128,1
DA:129,0
DA:130,0
DA:133,1
DA:134,0
DA:135,0
DA:139,1
DA:140,0
DA:144,1
DA:145,0
DA:146,0
DA:150,1
DA:151,0
DA:152,0
DA:158,1
DA:159,0
DA:160,0
DA:163,1
DA:164,0
DA:165,0
DA:168,1
DA:169,0
DA:170,0
DA:173,1
DA:174,0
DA:175,0
DA:178,1
DA:179,0
DA:180,0
DA:183,1
DA:184,0
DA:185,0
DA:188,1
DA:189,0
DA:190,0
DA:193,1
DA:194,0
DA:195,0
DA:198,1
DA:199,0
DA:200,0
DA:203,1
DA:204,0
DA:205,0
DA:208,1
DA:209,0
DA:210,0
DA:213,1
DA:214,0
DA:215,0
DA:218,1
DA:219,0
DA:220,0
DA:223,1
DA:224,0
DA:225,0
DA:228,1
DA:229,0
DA:230,0
DA:233,1
DA:234,0
DA:235,0
DA:238,1
DA:239,0
DA:246,0
DA:250,1
DA:251,0
DA:252,0
DA:255,1
DA:256,0
DA:257,0
DA:262,1
DA:263,0
DA:264,0
DA:267,1
DA:268,0
DA:269,0
DA:272,1
DA:273,0
DA:274,0
DA:277,1
DA:278,0
DA:279,0
DA:280,0
DA:283,1
DA:284,0
DA:285,0
DA:288,1
DA:289,0
DA:290,0
DA:293,1
DA:294,0
DA:295,0
DA:299,1
DA:300,0
DA:301,0
DA:304,1
DA:305,0
DA:306,0
DA:309,1
DA:310,0
DA:311,0
DA:314,1
DA:315,0
DA:316,0
DA:319,1
DA:320,0
DA:321,0
DA:324,1
DA:325,0
DA:326,0
DA:329,1
DA:330,0
DA:331,0
DA:334,1
DA:335,0
DA:336,0
DA:339,1
DA:340,0
DA:341,0
DA:344,1
DA:345,0
DA:346,0
DA:349,1
DA:350,0
DA:351,0
DA:354,1
DA:355,0
DA:356,0
DA:359,1
DA:360,0
DA:361,0
DA:365,1
DA:366,0
DA:367,0
DA:371,1
DA:372,0
DA:373,0
DA:376,1
DA:377,0
DA:378,0
DA:381,1
DA:382,0
DA:383,0
DA:386,1
DA:387,0
DA:388,0
DA:391,1
DA:392,0
DA:393,0
DA:396,1
DA:397,0
DA:398,0
DA:401,1
DA:402,0
DA:403,0
DA:406,1
DA:407,0
DA:408,0
DA:411,1
DA:412,0
DA:413,0
DA:416,1
DA:417,0
DA:418,0
DA:421,1
DA:422,0
DA:423,0
DA:426,1
DA:427,0
DA:428,0
DA:431,1
DA:432,0
DA:433,0
DA:436,1
DA:437,0
DA:438,0
DA:442,1
DA:443,0
DA:444,0
DA:447,1
DA:448,0
DA:449,0
DA:452,1
DA:453,0
DA:454,0
DA:457,1
DA:458,0
DA:459,0
DA:462,1
DA:463,0
DA:464,0
DA:467,1
DA:468,0
DA:469,0
DA:472,1
DA:473,0
DA:474,0
DA:477,1
DA:478,0
DA:479,0
DA:482,1
DA:483,0
DA:484,0
DA:487,1
DA:488,0
DA:489,0
DA:492,1
DA:493,0
DA:494,0
DA:497,1
DA:498,0
DA:499,0
DA:502,1
DA:503,0
DA:504,0
DA:507,1
DA:508,0
DA:509,0
DA:512,1
DA:513,0
DA:514,0
DA:517,1
DA:518,0
DA:519,0
DA:522,1
DA:523,0
DA:524,0
DA:527,1
DA:528,0
DA:529,0
DA:532,1
DA:533,0
DA:534,0
DA:538,1
DA:539,0
DA:540,0
DA:544,1
DA:548,0
DA:549,0
DA:553,1
DA:554,0
DA:555,0
DA:558,1
DA:559,0
DA:560,0
DA:563,1
DA:564,0
DA:565,0
DA:568,1
DA:569,0
DA:570,0
DA:573,1
DA:574,0
DA:575,0
DA:578,1
DA:579,0
DA:580,0
DA:584,1
DA:585,0
DA:586,0
DA:589,1
DA:590,0
DA:591,0
DA:594,1
DA:595,0
DA:596,0
DA:599,1
DA:600,0
DA:601,0
DA:604,1
DA:605,0
DA:606,0
DA:609,1
DA:610,0
DA:611,0
DA:614,1
DA:615,0
DA:616,0
DA:619,1
DA:620,0
DA:621,0
DA:625,1
DA:626,0
DA:627,0
DA:630,1
DA:631,0
DA:632,0
LF:350
LH:107
BRDA:11,0,0,0
BRDA:11,0,1,0
BRDA:38,1,0,0
BRDA:38,1,1,0
BRDA:43,2,0,0
BRDA:43,2,1,0
BRDA:53,3,0,0
BRDA:53,3,1,0
BRDA:53,4,0,0
BRDA:53,4,1,0
BRDA:54,5,0,0
BRDA:54,5,1,0
BRDA:57,6,0,0
BRDA:57,6,1,0
BRDA:60,7,0,0
BRDA:60,7,1,0
BRDA:60,8,0,0
BRDA:60,8,1,0
BRDA:60,8,2,0
BRDA:73,9,0,0
BRDA:73,9,1,0
BRDA:85,10,0,0
BRDA:85,10,1,0
BRDA:89,11,0,0
BRDA:89,11,1,0
BRDA:96,12,0,0
BRDA:96,12,1,0
BRDA:101,13,0,0
BRDA:101,13,1,0
BRDA:102,14,0,0
BRDA:102,14,1,0
BRDA:107,15,0,0
BRDA:107,15,1,0
BRDA:146,16,0,0
BRDA:146,16,1,0
BRDA:280,17,0,0
BRDA:280,17,1,0
BRF:37
BRH:0
end_of_record
